2025-08-19 14:44:11,055 - INFO - Initializing Enhanced SPP Automation GUI
2025-08-19 14:44:11,055 - INFO - Setting up GUI styles
2025-08-19 14:44:12,083 - INFO - Template configuration loaded: 6 settings
2025-08-19 14:44:12,083 - INFO - GUI initialization completed successfully
2025-08-19 14:44:12,083 - INFO - Starting GUI application
2025-08-19 14:44:40,131 - INFO - Authenticating user: benf.benjamaa@hdsupply.com
2025-08-19 14:44:40,131 - INFO - Connecting to Snowflake with user: benf.benjamaa@hdsupply.com
2025-08-19 14:44:40,131 - DEBUG - reading configuration file from C:\Users\1015723\.snowflake\connections.toml
2025-08-19 14:44:40,145 - INFO - Snowflake Connector for Python Version: 3.17.1, Python Version: 3.10.11, Platform: Windows-10-10.0.26100-SP0
2025-08-19 14:44:40,145 - DEBUG - connect
2025-08-19 14:44:40,145 - DEBUG - __config
2025-08-19 14:44:40,145 - INFO - Connecting to GLOBAL Snowflake domain
2025-08-19 14:44:40,145 - DEBUG - This connection is in OCSP Fail Open Mode. TLS Certificates would be checked for validity and revocation status. Any other Certificate Revocation related exceptions or OCSP Responder failures would be disregarded in favor of connectivity.
2025-08-19 14:44:40,145 - DEBUG - This connection runs with disabled OCSP checks. Revocation status of the certificate will not be checked against OCSP Responder.
2025-08-19 14:44:40,145 - DEBUG - use_numpy: False
2025-08-19 14:44:40,145 - DEBUG - initialized
2025-08-19 14:44:40,145 - DEBUG - REST API object was created: HDSUPPLY-DATA.snowflakecomputing.com:443
2025-08-19 14:44:40,145 - WARNING - Dependency 'keyring' is not installed, cannot cache id token. You might experience multiple authentication pop ups while using ExternalBrowser/OAuth/MFA Authenticator. To avoid this please install keyring module using the following command:
 pip install snowflake-connector-python[secure-local-storage]
2025-08-19 14:44:40,145 - DEBUG - authenticating by Web Browser
2025-08-19 14:44:40,173 - DEBUG - step 1: query GS to obtain SSO url
2025-08-19 14:44:40,650 - DEBUG - IMDS ENDPOINT: http://169.254.169.254/
2025-08-19 14:44:40,650 - DEBUG - Changing event name from creating-client-class.iot-data to creating-client-class.iot-data-plane
2025-08-19 14:44:40,650 - DEBUG - Changing event name from before-call.apigateway to before-call.api-gateway
2025-08-19 14:44:40,658 - DEBUG - Changing event name from request-created.machinelearning.Predict to request-created.machine-learning.Predict
2025-08-19 14:44:40,658 - DEBUG - Changing event name from before-parameter-build.autoscaling.CreateLaunchConfiguration to before-parameter-build.auto-scaling.CreateLaunchConfiguration
2025-08-19 14:44:40,658 - DEBUG - Changing event name from before-parameter-build.route53 to before-parameter-build.route-53
2025-08-19 14:44:40,658 - DEBUG - Changing event name from request-created.cloudsearchdomain.Search to request-created.cloudsearch-domain.Search
2025-08-19 14:44:40,658 - DEBUG - Changing event name from docs.*.autoscaling.CreateLaunchConfiguration.complete-section to docs.*.auto-scaling.CreateLaunchConfiguration.complete-section
2025-08-19 14:44:40,660 - DEBUG - Changing event name from before-parameter-build.logs.CreateExportTask to before-parameter-build.cloudwatch-logs.CreateExportTask
2025-08-19 14:44:40,660 - DEBUG - Changing event name from docs.*.logs.CreateExportTask.complete-section to docs.*.cloudwatch-logs.CreateExportTask.complete-section
2025-08-19 14:44:40,660 - DEBUG - Changing event name from before-parameter-build.cloudsearchdomain.Search to before-parameter-build.cloudsearch-domain.Search
2025-08-19 14:44:40,660 - DEBUG - Changing event name from docs.*.cloudsearchdomain.Search.complete-section to docs.*.cloudsearch-domain.Search.complete-section
2025-08-19 14:44:40,662 - DEBUG - Starting new HTTP connection (1): 169.254.169.254:80
2025-08-19 14:44:40,662 - DEBUG - Converted retries value: 1 -> Retry(total=1, connect=None, read=None, redirect=None, status=None)
2025-08-19 14:44:40,662 - DEBUG - Converted retries value: 1 -> Retry(total=1, connect=None, read=None, redirect=None, status=None)
2025-08-19 14:44:40,662 - DEBUG - IMDS ENDPOINT: http://169.254.169.254/
2025-08-19 14:44:40,662 - DEBUG - Caught retryable HTTP exception while making metadata service request to http://169.254.169.254/latest/api/token: Could not connect to the endpoint URL: "http://169.254.169.254/latest/api/token"
Traceback (most recent call last):
  File "urllib3\connection.py", line 198, in _new_conn
  File "urllib3\util\connection.py", line 85, in create_connection
  File "urllib3\util\connection.py", line 73, in create_connection
OSError: [WinError 10051] A socket operation was attempted to an unreachable network

The above exception was the direct cause of the following exception:

Traceback (most recent call last):
  File "botocore\httpsession.py", line 464, in send
  File "urllib3\connectionpool.py", line 841, in urlopen
  File "urllib3\util\retry.py", line 449, in increment
  File "urllib3\util\util.py", line 39, in reraise
  File "urllib3\connectionpool.py", line 787, in urlopen
  File "urllib3\connectionpool.py", line 493, in _make_request
  File "botocore\awsrequest.py", line 96, in request
  File "urllib3\connection.py", line 494, in request
  File "http\client.py", line 1278, in endheaders
  File "botocore\awsrequest.py", line 123, in _send_output
  File "botocore\awsrequest.py", line 223, in send
  File "http\client.py", line 976, in send
  File "urllib3\connection.py", line 325, in connect
  File "urllib3\connection.py", line 213, in _new_conn
urllib3.exceptions.NewConnectionError: <botocore.awsrequest.AWSHTTPConnection object at 0x0000022C6BA08FA0>: Failed to establish a new connection: [WinError 10051] A socket operation was attempted to an unreachable network

During handling of the above exception, another exception occurred:

Traceback (most recent call last):
  File "botocore\utils.py", line 481, in _fetch_metadata_token
  File "botocore\httpsession.py", line 493, in send
botocore.exceptions.EndpointConnectionError: Could not connect to the endpoint URL: "http://169.254.169.254/latest/api/token"
2025-08-19 14:44:40,662 - DEBUG - Looking for credentials via: env
2025-08-19 14:44:40,665 - DEBUG - Converted retries value: 1 -> Retry(total=1, connect=None, read=None, redirect=None, status=None)
2025-08-19 14:44:40,665 - DEBUG - Converted retries value: 1 -> Retry(total=1, connect=None, read=None, redirect=None, status=None)
2025-08-19 14:44:40,665 - DEBUG - Starting new HTTP connection (1): 169.254.169.254:80
2025-08-19 14:44:40,665 - DEBUG - Starting new HTTP connection (1): 169.254.169.254:80
2025-08-19 14:44:40,665 - DEBUG - Starting new HTTP connection (2): 169.254.169.254:80
2025-08-19 14:44:40,665 - DEBUG - Looking for credentials via: assume-role
2025-08-19 14:44:40,665 - DEBUG - Incremented Retry for (url='/metadata/instance?api-version=2021-02-01'): Retry(total=0, connect=None, read=None, redirect=None, status=None)
2025-08-19 14:44:40,665 - DEBUG - Starting new HTTP connection (1): metadata.google.internal:80
2025-08-19 14:44:40,665 - DEBUG - Starting new HTTP connection (1): metadata.google.internal:80
2025-08-19 14:44:40,665 - DEBUG - Incremented Retry for (url='/metadata/identity/oauth2/token?api-version=2018-02-01&resource=https://management.azure.com'): Retry(total=0, connect=None, read=None, redirect=None, status=None)
2025-08-19 14:44:40,665 - WARNING - Retrying (Retry(total=0, connect=None, read=None, redirect=None, status=None)) after connection broken by 'NewConnectionError('<snowflake.connector.vendored.urllib3.connection.HTTPConnection object at 0x0000022C6BA0BEB0>: Failed to establish a new connection: [WinError 10051] A socket operation was attempted to an unreachable network')': /metadata/identity/oauth2/token?api-version=2018-02-01&resource=https://management.azure.com
2025-08-19 14:44:40,665 - DEBUG - Looking for credentials via: assume-role-with-web-identity
2025-08-19 14:44:40,665 - DEBUG - Looking for credentials via: sso
2025-08-19 14:44:40,665 - DEBUG - Looking for credentials via: shared-credentials-file
2025-08-19 14:44:40,665 - WARNING - Retrying (Retry(total=0, connect=None, read=None, redirect=None, status=None)) after connection broken by 'NewConnectionError('<snowflake.connector.vendored.urllib3.connection.HTTPConnection object at 0x0000022C6BA0BFD0>: Failed to establish a new connection: [WinError 10051] A socket operation was attempted to an unreachable network')': /metadata/instance?api-version=2021-02-01
2025-08-19 14:44:40,674 - DEBUG - Starting new HTTP connection (2): 169.254.169.254:80
2025-08-19 14:44:40,665 - DEBUG - Caught retryable HTTP exception while making metadata service request to http://169.254.169.254//latest/dynamic/instance-identity/document: Could not connect to the endpoint URL: "http://169.254.169.254//latest/dynamic/instance-identity/document"
Traceback (most recent call last):
  File "urllib3\connection.py", line 198, in _new_conn
  File "urllib3\util\connection.py", line 85, in create_connection
  File "urllib3\util\connection.py", line 73, in create_connection
OSError: [WinError 10051] A socket operation was attempted to an unreachable network

The above exception was the direct cause of the following exception:

Traceback (most recent call last):
  File "botocore\httpsession.py", line 464, in send
  File "urllib3\connectionpool.py", line 841, in urlopen
  File "urllib3\util\retry.py", line 449, in increment
  File "urllib3\util\util.py", line 39, in reraise
  File "urllib3\connectionpool.py", line 787, in urlopen
  File "urllib3\connectionpool.py", line 493, in _make_request
  File "botocore\awsrequest.py", line 96, in request
  File "urllib3\connection.py", line 494, in request
  File "http\client.py", line 1278, in endheaders
  File "botocore\awsrequest.py", line 123, in _send_output
  File "botocore\awsrequest.py", line 223, in send
  File "http\client.py", line 976, in send
  File "urllib3\connection.py", line 325, in connect
  File "urllib3\connection.py", line 213, in _new_conn
urllib3.exceptions.NewConnectionError: <botocore.awsrequest.AWSHTTPConnection object at 0x0000022C6BA0BE20>: Failed to establish a new connection: [WinError 10051] A socket operation was attempted to an unreachable network

During handling of the above exception, another exception occurred:

Traceback (most recent call last):
  File "botocore\utils.py", line 536, in _get_request
  File "botocore\httpsession.py", line 493, in send
botocore.exceptions.EndpointConnectionError: Could not connect to the endpoint URL: "http://169.254.169.254//latest/dynamic/instance-identity/document"
2025-08-19 14:44:40,674 - DEBUG - Looking for credentials via: custom-process
2025-08-19 14:44:40,665 - DEBUG - Starting new HTTP connection (2): 169.254.169.254:80
2025-08-19 14:44:40,676 - DEBUG - Looking for credentials via: config-file
2025-08-19 14:44:40,676 - DEBUG - Looking for credentials via: ec2-credentials-file
2025-08-19 14:44:40,676 - DEBUG - Looking for credentials via: boto-config
2025-08-19 14:44:40,676 - DEBUG - Looking for credentials via: container-role
2025-08-19 14:44:40,676 - DEBUG - Looking for credentials via: iam-role
2025-08-19 14:44:40,676 - DEBUG - Starting new HTTP connection (1): 169.254.169.254:80
2025-08-19 14:44:40,697 - DEBUG - Caught retryable HTTP exception while making metadata service request to http://169.254.169.254/latest/api/token: Could not connect to the endpoint URL: "http://169.254.169.254/latest/api/token"
Traceback (most recent call last):
  File "urllib3\connection.py", line 198, in _new_conn
  File "urllib3\util\connection.py", line 85, in create_connection
  File "urllib3\util\connection.py", line 73, in create_connection
OSError: [WinError 10051] A socket operation was attempted to an unreachable network

The above exception was the direct cause of the following exception:

Traceback (most recent call last):
  File "botocore\httpsession.py", line 464, in send
  File "urllib3\connectionpool.py", line 841, in urlopen
  File "urllib3\util\retry.py", line 449, in increment
  File "urllib3\util\util.py", line 39, in reraise
  File "urllib3\connectionpool.py", line 787, in urlopen
  File "urllib3\connectionpool.py", line 493, in _make_request
  File "botocore\awsrequest.py", line 96, in request
  File "urllib3\connection.py", line 494, in request
  File "http\client.py", line 1278, in endheaders
  File "botocore\awsrequest.py", line 123, in _send_output
  File "botocore\awsrequest.py", line 223, in send
  File "http\client.py", line 976, in send
  File "urllib3\connection.py", line 325, in connect
  File "urllib3\connection.py", line 213, in _new_conn
urllib3.exceptions.NewConnectionError: <botocore.awsrequest.AWSHTTPConnection object at 0x0000022C6BA51E40>: Failed to establish a new connection: [WinError 10051] A socket operation was attempted to an unreachable network

During handling of the above exception, another exception occurred:

Traceback (most recent call last):
  File "botocore\utils.py", line 481, in _fetch_metadata_token
  File "botocore\httpsession.py", line 493, in send
botocore.exceptions.EndpointConnectionError: Could not connect to the endpoint URL: "http://169.254.169.254/latest/api/token"
2025-08-19 14:44:40,697 - DEBUG - Starting new HTTP connection (2): 169.254.169.254:80
2025-08-19 14:44:40,697 - DEBUG - Incremented Retry for (url='/computeMetadata/v1/instance/service-accounts/default/email'): Retry(total=0, connect=None, read=None, redirect=None, status=None)
2025-08-19 14:44:40,697 - WARNING - Retrying (Retry(total=0, connect=None, read=None, redirect=None, status=None)) after connection broken by 'NewConnectionError('<snowflake.connector.vendored.urllib3.connection.HTTPConnection object at 0x0000022C6BA51300>: Failed to establish a new connection: [Errno 11001] getaddrinfo failed')': /computeMetadata/v1/instance/service-accounts/default/email
2025-08-19 14:44:40,697 - DEBUG - Starting new HTTP connection (2): metadata.google.internal:80
2025-08-19 14:44:40,697 - DEBUG - Incremented Retry for (url='/'): Retry(total=0, connect=None, read=None, redirect=None, status=None)
2025-08-19 14:44:40,697 - WARNING - Retrying (Retry(total=0, connect=None, read=None, redirect=None, status=None)) after connection broken by 'NewConnectionError('<snowflake.connector.vendored.urllib3.connection.HTTPConnection object at 0x0000022C6BA50F70>: Failed to establish a new connection: [Errno 11001] getaddrinfo failed')': /
2025-08-19 14:44:40,697 - DEBUG - Starting new HTTP connection (2): metadata.google.internal:80
2025-08-19 14:44:40,713 - DEBUG - Caught retryable HTTP exception while making metadata service request to http://169.254.169.254/latest/meta-data/iam/security-credentials/: Could not connect to the endpoint URL: "http://169.254.169.254/latest/meta-data/iam/security-credentials/"
Traceback (most recent call last):
  File "urllib3\connection.py", line 198, in _new_conn
  File "urllib3\util\connection.py", line 85, in create_connection
  File "urllib3\util\connection.py", line 73, in create_connection
OSError: [WinError 10051] A socket operation was attempted to an unreachable network

The above exception was the direct cause of the following exception:

Traceback (most recent call last):
  File "botocore\httpsession.py", line 464, in send
  File "urllib3\connectionpool.py", line 841, in urlopen
  File "urllib3\util\retry.py", line 449, in increment
  File "urllib3\util\util.py", line 39, in reraise
  File "urllib3\connectionpool.py", line 787, in urlopen
  File "urllib3\connectionpool.py", line 493, in _make_request
  File "botocore\awsrequest.py", line 96, in request
  File "urllib3\connection.py", line 494, in request
  File "http\client.py", line 1278, in endheaders
  File "botocore\awsrequest.py", line 123, in _send_output
  File "botocore\awsrequest.py", line 223, in send
  File "http\client.py", line 976, in send
  File "urllib3\connection.py", line 325, in connect
  File "urllib3\connection.py", line 213, in _new_conn
urllib3.exceptions.NewConnectionError: <botocore.awsrequest.AWSHTTPConnection object at 0x0000022C6BA52200>: Failed to establish a new connection: [WinError 10051] A socket operation was attempted to an unreachable network

During handling of the above exception, another exception occurred:

Traceback (most recent call last):
  File "botocore\utils.py", line 536, in _get_request
  File "botocore\httpsession.py", line 493, in send
botocore.exceptions.EndpointConnectionError: Could not connect to the endpoint URL: "http://169.254.169.254/latest/meta-data/iam/security-credentials/"
2025-08-19 14:44:40,713 - DEBUG - Max number of attempts exceeded (1) when attempting to retrieve data from metadata service.
2025-08-19 14:44:40,716 - DEBUG - Loading JSON file: C:\Users\1015723\AppData\Local\Temp\_MEI531722\botocore\data\endpoints.json
2025-08-19 14:44:40,728 - DEBUG - Loading JSON file: C:\Users\1015723\AppData\Local\Temp\_MEI531722\botocore\data\sdk-default-configuration.json
2025-08-19 14:44:40,728 - DEBUG - Event choose-service-name: calling handler <function handle_service_name_alias at 0x0000022C6A64EE60>
2025-08-19 14:44:40,851 - DEBUG - Loading JSON file: C:\Users\1015723\AppData\Local\Temp\_MEI531722\botocore\data\sts\2011-06-15\service-2.json.gz
2025-08-19 14:44:40,967 - DEBUG - Loading JSON file: C:\Users\1015723\AppData\Local\Temp\_MEI531722\botocore\data\sts\2011-06-15\endpoint-rule-set-1.json.gz
2025-08-19 14:44:40,967 - DEBUG - Loading JSON file: C:\Users\1015723\AppData\Local\Temp\_MEI531722\botocore\data\partitions.json
2025-08-19 14:44:40,967 - DEBUG - Event creating-client-class.sts: calling handler <function add_generate_presigned_url at 0x0000022C6A5E6050>
2025-08-19 14:44:40,967 - DEBUG - Looking for endpoint for sts via: environment_service
2025-08-19 14:44:40,967 - DEBUG - Looking for endpoint for sts via: environment_global
2025-08-19 14:44:40,967 - DEBUG - Looking for endpoint for sts via: config_service
2025-08-19 14:44:40,967 - DEBUG - Looking for endpoint for sts via: config_global
2025-08-19 14:44:40,967 - DEBUG - No configured endpoint found.
2025-08-19 14:44:40,974 - DEBUG - Setting sts timeout as (0.2, 0.2)
2025-08-19 14:44:40,974 - DEBUG - Loading JSON file: C:\Users\1015723\AppData\Local\Temp\_MEI531722\botocore\data\_retry.json
2025-08-19 14:44:40,974 - DEBUG - Registering retry handlers for service: sts
2025-08-19 14:44:40,974 - DEBUG - Event before-parameter-build.sts.GetCallerIdentity: calling handler <function generate_idempotent_uuid at 0x0000022C6A678550>
2025-08-19 14:44:40,974 - DEBUG - Event before-parameter-build.sts.GetCallerIdentity: calling handler <function _handle_request_validation_mode_member at 0x0000022C6A67AC20>
2025-08-19 14:44:40,974 - DEBUG - Calling endpoint provider with parameters: {'Region': 'aws-global', 'UseDualStack': False, 'UseFIPS': False, 'UseGlobalEndpoint': False}
2025-08-19 14:44:40,974 - DEBUG - Endpoint provider result: https://sts.amazonaws.com
2025-08-19 14:44:40,974 - DEBUG - Selecting from endpoint provider's list of auth schemes: "sigv4". User selected auth scheme is: "None"
2025-08-19 14:44:40,974 - DEBUG - Selected auth type "v4" as "v4" with signing context params: {'region': 'us-east-1', 'signing_name': 'sts'}
2025-08-19 14:44:40,974 - DEBUG - Event before-call.sts.GetCallerIdentity: calling handler <function add_recursion_detection_header at 0x0000022C6A6780D0>
2025-08-19 14:44:40,974 - DEBUG - Event before-call.sts.GetCallerIdentity: calling handler <function inject_api_version_header_if_needed at 0x0000022C6A679D80>
2025-08-19 14:44:40,974 - DEBUG - Making request for OperationModel(name=GetCallerIdentity) with params: {'url_path': '/', 'query_string': '', 'method': 'POST', 'headers': {'Content-Type': 'application/x-www-form-urlencoded; charset=utf-8', 'User-Agent': 'Boto3/1.40.12 md/Botocore#1.40.12 ua/2.1 os/windows#10 md/arch#amd64 lang/python#3.10.11 md/pyimpl#CPython m/b,Z,D cfg/retry-mode#legacy Botocore/1.40.12'}, 'body': {'Action': 'GetCallerIdentity', 'Version': '2011-06-15'}, 'url': 'https://sts.amazonaws.com/', 'context': {'client_region': 'aws-global', 'client_config': <botocore.config.Config object at 0x0000022C6BA08D60>, 'has_streaming_input': False, 'auth_type': 'v4', 'unsigned_payload': None, 'auth_options': ['aws.auth#sigv4'], 'signing': {'region': 'us-east-1', 'signing_name': 'sts'}, 'endpoint_properties': {'authSchemes': [{'name': 'sigv4', 'signingName': 'sts', 'signingRegion': 'us-east-1'}]}}}
2025-08-19 14:44:40,974 - DEBUG - Event request-created.sts.GetCallerIdentity: calling handler <bound method RequestSigner.handler of <botocore.signers.RequestSigner object at 0x0000022C6BA08D30>>
2025-08-19 14:44:40,974 - DEBUG - Event choose-signer.sts.GetCallerIdentity: calling handler <function set_operation_specific_signer at 0x0000022C6A678310>
2025-08-19 14:44:40,974 - DEBUG - account=HDSUPPLY-DATA, authenticator=EXTERNALBROWSER, user=benf.benjamaa@hdsupply.com
2025-08-19 14:44:40,974 - DEBUG - Converted retries value: 1 -> Retry(total=1, connect=None, read=None, redirect=None, status=None)
2025-08-19 14:44:40,974 - DEBUG - remaining request timeout: N/A ms, retry cnt: 1
2025-08-19 14:44:40,974 - DEBUG - Request guid: 0bb4bb0e-c649-42be-a6ea-415991f7c7b3
2025-08-19 14:44:40,974 - DEBUG - socket timeout: 60
2025-08-19 14:44:40,974 - DEBUG - Starting new HTTPS connection (1): hdsupply-data.snowflakecomputing.com:443
2025-08-19 14:44:41,362 - DEBUG - OCSP Mode: DISABLE_OCSP_CHECKS, OCSP response cache file name: None
2025-08-19 14:44:41,362 - DEBUG - This connection does not perform OCSP checks. Revocation status of the certificate will not be checked against OCSP Responder.
2025-08-19 14:44:41,466 - DEBUG - https://hdsupply-data.snowflakecomputing.com:443 "POST /session/authenticator-request?request_guid=0bb4bb0e-c649-42be-a6ea-415991f7c7b3 HTTP/1.1" 200 None
2025-08-19 14:44:41,466 - DEBUG - SUCCESS
2025-08-19 14:44:41,466 - DEBUG - ret[code] = None, after post request
2025-08-19 14:44:41,466 - DEBUG - Validate SSO URL
2025-08-19 14:44:41,466 - DEBUG - step 2: open a browser
2025-08-19 14:44:41,976 - DEBUG - step 3: accept SAML token
2025-08-19 14:44:46,539 - DEBUG - User-Agent: Mozilla/5.0 (Windows NT 10.0; Win64; x64) AppleWebKit/537.36 (KHTML, like Gecko) Chrome/139.0.0.0 Safari/537.36
2025-08-19 14:44:46,542 - DEBUG - authenticate
2025-08-19 14:44:46,543 - DEBUG - IMDS ENDPOINT: http://169.254.169.254/
2025-08-19 14:44:46,543 - DEBUG - Looking for credentials via: env
2025-08-19 14:44:46,543 - DEBUG - Converted retries value: 1 -> Retry(total=1, connect=None, read=None, redirect=None, status=None)
2025-08-19 14:44:46,543 - DEBUG - Looking for credentials via: assume-role
2025-08-19 14:44:46,548 - DEBUG - Looking for credentials via: assume-role-with-web-identity
2025-08-19 14:44:46,548 - DEBUG - Converted retries value: 1 -> Retry(total=1, connect=None, read=None, redirect=None, status=None)
2025-08-19 14:44:46,543 - DEBUG - Starting new HTTP connection (1): 169.254.169.254:80
2025-08-19 14:44:46,549 - DEBUG - Looking for credentials via: sso
2025-08-19 14:44:46,551 - DEBUG - Looking for credentials via: shared-credentials-file
2025-08-19 14:44:46,549 - DEBUG - Starting new HTTP connection (1): 169.254.169.254:80
2025-08-19 14:44:46,551 - DEBUG - Converted retries value: 1 -> Retry(total=1, connect=None, read=None, redirect=None, status=None)
2025-08-19 14:44:46,551 - DEBUG - Starting new HTTP connection (1): 169.254.169.254:80
2025-08-19 14:44:46,549 - DEBUG - Converted retries value: 1 -> Retry(total=1, connect=None, read=None, redirect=None, status=None)
2025-08-19 14:44:46,551 - DEBUG - Looking for credentials via: custom-process
2025-08-19 14:44:46,551 - DEBUG - Incremented Retry for (url='/metadata/instance?api-version=2021-02-01'): Retry(total=0, connect=None, read=None, redirect=None, status=None)
2025-08-19 14:44:46,551 - DEBUG - Looking for credentials via: config-file
2025-08-19 14:44:46,553 - WARNING - Retrying (Retry(total=0, connect=None, read=None, redirect=None, status=None)) after connection broken by 'NewConnectionError('<snowflake.connector.vendored.urllib3.connection.HTTPConnection object at 0x0000022C6BA09A50>: Failed to establish a new connection: [WinError 10051] A socket operation was attempted to an unreachable network')': /metadata/instance?api-version=2021-02-01
2025-08-19 14:44:46,553 - DEBUG - Incremented Retry for (url='/metadata/identity/oauth2/token?api-version=2018-02-01&resource=https://management.azure.com'): Retry(total=0, connect=None, read=None, redirect=None, status=None)
2025-08-19 14:44:46,553 - DEBUG - Starting new HTTP connection (1): metadata.google.internal:80
2025-08-19 14:44:46,554 - DEBUG - Starting new HTTP connection (1): metadata.google.internal:80
2025-08-19 14:44:46,554 - DEBUG - Looking for credentials via: ec2-credentials-file
2025-08-19 14:44:46,554 - DEBUG - Looking for credentials via: boto-config
2025-08-19 14:44:46,554 - WARNING - Retrying (Retry(total=0, connect=None, read=None, redirect=None, status=None)) after connection broken by 'NewConnectionError('<snowflake.connector.vendored.urllib3.connection.HTTPConnection object at 0x0000022C6BA09D50>: Failed to establish a new connection: [WinError 10051] A socket operation was attempted to an unreachable network')': /metadata/identity/oauth2/token?api-version=2018-02-01&resource=https://management.azure.com
2025-08-19 14:44:46,554 - DEBUG - Starting new HTTP connection (2): 169.254.169.254:80
2025-08-19 14:44:46,554 - DEBUG - Starting new HTTP connection (2): 169.254.169.254:80
2025-08-19 14:44:46,554 - DEBUG - Looking for credentials via: container-role
2025-08-19 14:44:46,556 - DEBUG - Looking for credentials via: iam-role
2025-08-19 14:44:46,556 - DEBUG - Starting new HTTP connection (3): 169.254.169.254:80
2025-08-19 14:44:46,570 - DEBUG - Caught retryable HTTP exception while making metadata service request to http://169.254.169.254/latest/api/token: Could not connect to the endpoint URL: "http://169.254.169.254/latest/api/token"
Traceback (most recent call last):
  File "urllib3\connection.py", line 198, in _new_conn
  File "urllib3\util\connection.py", line 85, in create_connection
  File "urllib3\util\connection.py", line 73, in create_connection
OSError: [WinError 10051] A socket operation was attempted to an unreachable network

The above exception was the direct cause of the following exception:

Traceback (most recent call last):
  File "botocore\httpsession.py", line 464, in send
  File "urllib3\connectionpool.py", line 841, in urlopen
  File "urllib3\util\retry.py", line 449, in increment
  File "urllib3\util\util.py", line 39, in reraise
  File "urllib3\connectionpool.py", line 787, in urlopen
  File "urllib3\connectionpool.py", line 493, in _make_request
  File "botocore\awsrequest.py", line 96, in request
  File "urllib3\connection.py", line 494, in request
  File "http\client.py", line 1278, in endheaders
  File "botocore\awsrequest.py", line 123, in _send_output
  File "botocore\awsrequest.py", line 223, in send
  File "http\client.py", line 976, in send
  File "urllib3\connection.py", line 325, in connect
  File "urllib3\connection.py", line 213, in _new_conn
urllib3.exceptions.NewConnectionError: <botocore.awsrequest.AWSHTTPConnection object at 0x0000022C6BA533D0>: Failed to establish a new connection: [WinError 10051] A socket operation was attempted to an unreachable network

During handling of the above exception, another exception occurred:

Traceback (most recent call last):
  File "botocore\utils.py", line 481, in _fetch_metadata_token
  File "botocore\httpsession.py", line 493, in send
botocore.exceptions.EndpointConnectionError: Could not connect to the endpoint URL: "http://169.254.169.254/latest/api/token"
2025-08-19 14:44:46,570 - DEBUG - Caught retryable HTTP exception while making metadata service request to http://169.254.169.254/latest/api/token: Could not connect to the endpoint URL: "http://169.254.169.254/latest/api/token"
Traceback (most recent call last):
  File "urllib3\connection.py", line 198, in _new_conn
  File "urllib3\util\connection.py", line 85, in create_connection
  File "urllib3\util\connection.py", line 73, in create_connection
OSError: [WinError 10051] A socket operation was attempted to an unreachable network

The above exception was the direct cause of the following exception:

Traceback (most recent call last):
  File "botocore\httpsession.py", line 464, in send
  File "urllib3\connectionpool.py", line 841, in urlopen
  File "urllib3\util\retry.py", line 449, in increment
  File "urllib3\util\util.py", line 39, in reraise
  File "urllib3\connectionpool.py", line 787, in urlopen
  File "urllib3\connectionpool.py", line 493, in _make_request
  File "botocore\awsrequest.py", line 96, in request
  File "urllib3\connection.py", line 494, in request
  File "http\client.py", line 1278, in endheaders
  File "botocore\awsrequest.py", line 123, in _send_output
  File "botocore\awsrequest.py", line 223, in send
  File "http\client.py", line 976, in send
  File "urllib3\connection.py", line 325, in connect
  File "urllib3\connection.py", line 213, in _new_conn
urllib3.exceptions.NewConnectionError: <botocore.awsrequest.AWSHTTPConnection object at 0x0000022C6AC86CB0>: Failed to establish a new connection: [WinError 10051] A socket operation was attempted to an unreachable network

During handling of the above exception, another exception occurred:

Traceback (most recent call last):
  File "botocore\utils.py", line 481, in _fetch_metadata_token
  File "botocore\httpsession.py", line 493, in send
botocore.exceptions.EndpointConnectionError: Could not connect to the endpoint URL: "http://169.254.169.254/latest/api/token"
2025-08-19 14:44:46,572 - DEBUG - Starting new HTTP connection (4): 169.254.169.254:80
2025-08-19 14:44:46,576 - DEBUG - Starting new HTTP connection (2): 169.254.169.254:80
2025-08-19 14:44:46,576 - DEBUG - Caught retryable HTTP exception while making metadata service request to http://169.254.169.254/latest/meta-data/iam/security-credentials/: Could not connect to the endpoint URL: "http://169.254.169.254/latest/meta-data/iam/security-credentials/"
Traceback (most recent call last):
  File "urllib3\connection.py", line 198, in _new_conn
  File "urllib3\util\connection.py", line 85, in create_connection
  File "urllib3\util\connection.py", line 73, in create_connection
OSError: [WinError 10051] A socket operation was attempted to an unreachable network

The above exception was the direct cause of the following exception:

Traceback (most recent call last):
  File "botocore\httpsession.py", line 464, in send
  File "urllib3\connectionpool.py", line 841, in urlopen
  File "urllib3\util\retry.py", line 449, in increment
  File "urllib3\util\util.py", line 39, in reraise
  File "urllib3\connectionpool.py", line 787, in urlopen
  File "urllib3\connectionpool.py", line 493, in _make_request
  File "botocore\awsrequest.py", line 96, in request
  File "urllib3\connection.py", line 494, in request
  File "http\client.py", line 1278, in endheaders
  File "botocore\awsrequest.py", line 123, in _send_output
  File "botocore\awsrequest.py", line 223, in send
  File "http\client.py", line 976, in send
  File "urllib3\connection.py", line 325, in connect
  File "urllib3\connection.py", line 213, in _new_conn
urllib3.exceptions.NewConnectionError: <botocore.awsrequest.AWSHTTPConnection object at 0x0000022C6BA536D0>: Failed to establish a new connection: [WinError 10051] A socket operation was attempted to an unreachable network

During handling of the above exception, another exception occurred:

Traceback (most recent call last):
  File "botocore\utils.py", line 536, in _get_request
  File "botocore\httpsession.py", line 493, in send
botocore.exceptions.EndpointConnectionError: Could not connect to the endpoint URL: "http://169.254.169.254/latest/meta-data/iam/security-credentials/"
2025-08-19 14:44:46,576 - DEBUG - Caught retryable HTTP exception while making metadata service request to http://169.254.169.254//latest/dynamic/instance-identity/document: Could not connect to the endpoint URL: "http://169.254.169.254//latest/dynamic/instance-identity/document"
Traceback (most recent call last):
  File "urllib3\connection.py", line 198, in _new_conn
  File "urllib3\util\connection.py", line 85, in create_connection
  File "urllib3\util\connection.py", line 73, in create_connection
OSError: [WinError 10051] A socket operation was attempted to an unreachable network

The above exception was the direct cause of the following exception:

Traceback (most recent call last):
  File "botocore\httpsession.py", line 464, in send
  File "urllib3\connectionpool.py", line 841, in urlopen
  File "urllib3\util\retry.py", line 449, in increment
  File "urllib3\util\util.py", line 39, in reraise
  File "urllib3\connectionpool.py", line 787, in urlopen
  File "urllib3\connectionpool.py", line 493, in _make_request
  File "botocore\awsrequest.py", line 96, in request
  File "urllib3\connection.py", line 494, in request
  File "http\client.py", line 1278, in endheaders
  File "botocore\awsrequest.py", line 123, in _send_output
  File "botocore\awsrequest.py", line 223, in send
  File "http\client.py", line 976, in send
  File "urllib3\connection.py", line 325, in connect
  File "urllib3\connection.py", line 213, in _new_conn
urllib3.exceptions.NewConnectionError: <botocore.awsrequest.AWSHTTPConnection object at 0x0000022C6BA538B0>: Failed to establish a new connection: [WinError 10051] A socket operation was attempted to an unreachable network

During handling of the above exception, another exception occurred:

Traceback (most recent call last):
  File "botocore\utils.py", line 536, in _get_request
  File "botocore\httpsession.py", line 493, in send
botocore.exceptions.EndpointConnectionError: Could not connect to the endpoint URL: "http://169.254.169.254//latest/dynamic/instance-identity/document"
2025-08-19 14:44:46,578 - DEBUG - Max number of attempts exceeded (1) when attempting to retrieve data from metadata service.
2025-08-19 14:44:46,580 - DEBUG - Event choose-service-name: calling handler <function handle_service_name_alias at 0x0000022C6A64EE60>
2025-08-19 14:44:46,580 - DEBUG - Event creating-client-class.sts: calling handler <function add_generate_presigned_url at 0x0000022C6A5E6050>
2025-08-19 14:44:46,580 - DEBUG - Looking for endpoint for sts via: environment_service
2025-08-19 14:44:46,580 - DEBUG - Looking for endpoint for sts via: environment_global
2025-08-19 14:44:46,580 - DEBUG - Looking for endpoint for sts via: config_service
2025-08-19 14:44:46,580 - DEBUG - Looking for endpoint for sts via: config_global
2025-08-19 14:44:46,580 - DEBUG - No configured endpoint found.
2025-08-19 14:44:46,617 - DEBUG - Incremented Retry for (url='/'): Retry(total=0, connect=None, read=None, redirect=None, status=None)
2025-08-19 14:44:46,617 - DEBUG - Incremented Retry for (url='/computeMetadata/v1/instance/service-accounts/default/email'): Retry(total=0, connect=None, read=None, redirect=None, status=None)
2025-08-19 14:44:46,617 - WARNING - Retrying (Retry(total=0, connect=None, read=None, redirect=None, status=None)) after connection broken by 'NewConnectionError('<snowflake.connector.vendored.urllib3.connection.HTTPConnection object at 0x0000022C6BA52260>: Failed to establish a new connection: [Errno 11001] getaddrinfo failed')': /
2025-08-19 14:44:46,617 - WARNING - Retrying (Retry(total=0, connect=None, read=None, redirect=None, status=None)) after connection broken by 'NewConnectionError('<snowflake.connector.vendored.urllib3.connection.HTTPConnection object at 0x0000022C6BA528F0>: Failed to establish a new connection: [Errno 11001] getaddrinfo failed')': /computeMetadata/v1/instance/service-accounts/default/email
2025-08-19 14:44:46,617 - DEBUG - Setting sts timeout as (0.2, 0.2)
2025-08-19 14:44:46,617 - DEBUG - Starting new HTTP connection (2): metadata.google.internal:80
2025-08-19 14:44:46,617 - DEBUG - Starting new HTTP connection (2): metadata.google.internal:80
2025-08-19 14:44:46,617 - DEBUG - Registering retry handlers for service: sts
2025-08-19 14:44:46,623 - DEBUG - Event before-parameter-build.sts.GetCallerIdentity: calling handler <function generate_idempotent_uuid at 0x0000022C6A678550>
2025-08-19 14:44:46,623 - DEBUG - Event before-parameter-build.sts.GetCallerIdentity: calling handler <function _handle_request_validation_mode_member at 0x0000022C6A67AC20>
2025-08-19 14:44:46,623 - DEBUG - Calling endpoint provider with parameters: {'Region': 'aws-global', 'UseDualStack': False, 'UseFIPS': False, 'UseGlobalEndpoint': False}
2025-08-19 14:44:46,623 - DEBUG - Endpoint provider result: https://sts.amazonaws.com
2025-08-19 14:44:46,623 - DEBUG - Selecting from endpoint provider's list of auth schemes: "sigv4". User selected auth scheme is: "None"
2025-08-19 14:44:46,623 - DEBUG - Selected auth type "v4" as "v4" with signing context params: {'region': 'us-east-1', 'signing_name': 'sts'}
2025-08-19 14:44:46,623 - DEBUG - Event before-call.sts.GetCallerIdentity: calling handler <function add_recursion_detection_header at 0x0000022C6A6780D0>
2025-08-19 14:44:46,623 - DEBUG - Event before-call.sts.GetCallerIdentity: calling handler <function inject_api_version_header_if_needed at 0x0000022C6A679D80>
2025-08-19 14:44:46,623 - DEBUG - Making request for OperationModel(name=GetCallerIdentity) with params: {'url_path': '/', 'query_string': '', 'method': 'POST', 'headers': {'Content-Type': 'application/x-www-form-urlencoded; charset=utf-8', 'User-Agent': 'Boto3/1.40.12 md/Botocore#1.40.12 ua/2.1 os/windows#10 md/arch#amd64 lang/python#3.10.11 md/pyimpl#CPython m/b,Z,D cfg/retry-mode#legacy Botocore/1.40.12'}, 'body': {'Action': 'GetCallerIdentity', 'Version': '2011-06-15'}, 'url': 'https://sts.amazonaws.com/', 'context': {'client_region': 'aws-global', 'client_config': <botocore.config.Config object at 0x0000022C6AC875E0>, 'has_streaming_input': False, 'auth_type': 'v4', 'unsigned_payload': None, 'auth_options': ['aws.auth#sigv4'], 'signing': {'region': 'us-east-1', 'signing_name': 'sts'}, 'endpoint_properties': {'authSchemes': [{'name': 'sigv4', 'signingName': 'sts', 'signingRegion': 'us-east-1'}]}}}
2025-08-19 14:44:46,623 - DEBUG - Event request-created.sts.GetCallerIdentity: calling handler <bound method RequestSigner.handler of <botocore.signers.RequestSigner object at 0x0000022C6AC86410>>
2025-08-19 14:44:46,623 - DEBUG - Event choose-signer.sts.GetCallerIdentity: calling handler <function set_operation_specific_signer at 0x0000022C6A678310>
2025-08-19 14:44:46,623 - DEBUG - account=HDSUPPLY-DATA, user=benf.benjamaa@hdsupply.com, database=None, schema=None, warehouse=None, role=None, request_id=95c5b8f3-d960-4751-aacb-e1f0dc9e74ca
2025-08-19 14:44:46,623 - DEBUG - body['data']: {'CLIENT_APP_ID': 'PythonConnector', 'CLIENT_APP_VERSION': '3.17.1', 'SVN_REVISION': None, 'ACCOUNT_NAME': 'HDSUPPLY-DATA', 'LOGIN_NAME': 'benf.benjamaa@hdsupply.com', 'CLIENT_ENVIRONMENT': {'APPLICATION': 'PythonConnector', 'APPLICATION_PATH': 'C:\\Users\\1015723\\AppData\\Local\\Temp\\_MEI531722\\threading.py', 'OS': 'Windows', 'OS_VERSION': 'Windows-10-10.0.26100-SP0', 'PYTHON_VERSION': '3.10.11', 'PYTHON_RUNTIME': 'CPython', 'PYTHON_COMPILER': 'MSC v.1929 64 bit (AMD64)', 'OCSP_MODE': 'DISABLE_OCSP_CHECKS', 'TRACING': 10, 'LOGIN_TIMEOUT': None, 'NETWORK_TIMEOUT': None, 'SOCKET_TIMEOUT': None, 'PLATFORM': []}, 'AUTHENTICATOR': 'EXTERNALBROWSER', 'TOKEN': '******', 'PROOF_KEY': '******', 'SESSION_PARAMETERS': {'CLIENT_PREFETCH_THREADS': 4, 'CLIENT_STORE_TEMPORARY_CREDENTIAL': True}}
2025-08-19 14:44:46,623 - DEBUG - remaining request timeout: N/A ms, retry cnt: 1
2025-08-19 14:44:46,623 - DEBUG - Request guid: 8b77e35c-4963-45fd-ab93-55ef0a5214f4
2025-08-19 14:44:46,623 - DEBUG - socket timeout: 60
2025-08-19 14:44:46,825 - DEBUG - https://hdsupply-data.snowflakecomputing.com:443 "POST /session/v1/login-request?request_id=95c5b8f3-d960-4751-aacb-e1f0dc9e74ca&request_guid=8b77e35c-4963-45fd-ab93-55ef0a5214f4 HTTP/1.1" 200 6008
2025-08-19 14:44:46,825 - DEBUG - SUCCESS
2025-08-19 14:44:46,825 - DEBUG - ret[code] = None, after post request
2025-08-19 14:44:46,825 - DEBUG - completed authentication
2025-08-19 14:44:46,825 - DEBUG - token = ******
2025-08-19 14:44:46,825 - DEBUG - master_token = ******
2025-08-19 14:44:46,825 - DEBUG - id_token = ******
2025-08-19 14:44:46,825 - DEBUG - mfa_token = NULL
2025-08-19 14:44:46,825 - WARNING - Dependency 'keyring' is not installed, cannot cache id token. You might experience multiple authentication pop ups while using ExternalBrowser/OAuth/MFA Authenticator. To avoid this please install keyring module using the following command:
 pip install snowflake-connector-python[secure-local-storage]
2025-08-19 14:44:46,825 - INFO - Successfully connected to Snowflake
2025-08-19 14:44:46,825 - DEBUG - cursor
2025-08-19 14:44:46,825 - DEBUG - executing SQL/command
2025-08-19 14:44:46,825 - DEBUG - query: [SELECT CURRENT_VERSION()]
2025-08-19 14:44:46,825 - DEBUG - binding: [SELECT CURRENT_VERSION()] with input=[None], processed=[{}]
2025-08-19 14:44:46,825 - DEBUG - Cannot use arrow result format, fallback to json format
2025-08-19 14:44:46,825 - DEBUG - sequence counter: 1
2025-08-19 14:44:46,825 - DEBUG - Request id: d882653b-b512-4bf9-9240-222f55a8e128
2025-08-19 14:44:46,825 - DEBUG - running query [SELECT CURRENT_VERSION()]
2025-08-19 14:44:46,825 - DEBUG - is_file_transfer: False
2025-08-19 14:44:46,825 - DEBUG - Failed to set SIGINT handler. Not in main thread. Ignored...
2025-08-19 14:44:46,834 - DEBUG - _cmd_query
2025-08-19 14:44:46,834 - DEBUG - serialize_to_dict() called
2025-08-19 14:44:46,834 - DEBUG - sql=[SELECT CURRENT_VERSION()], sequence_id=[1], is_file_transfer=[False]
2025-08-19 14:44:46,834 - DEBUG - Opentelemtry otel injection failed
Traceback (most recent call last):
  File "snowflake\connector\network.py", line 448, in request
ModuleNotFoundError: No module named 'opentelemetry'
2025-08-19 14:44:46,834 - DEBUG - remaining request timeout: N/A ms, retry cnt: 1
2025-08-19 14:44:46,834 - DEBUG - Request guid: 1a11abc0-b0ad-4e05-ba1a-e1e577a05754
2025-08-19 14:44:46,835 - DEBUG - socket timeout: 60
2025-08-19 14:44:47,057 - DEBUG - https://hdsupply-data.snowflakecomputing.com:443 "POST /queries/v1/query-request?requestId=d882653b-b512-4bf9-9240-222f55a8e128&request_guid=1a11abc0-b0ad-4e05-ba1a-e1e577a05754 HTTP/1.1" 200 None
2025-08-19 14:44:47,057 - DEBUG - SUCCESS
2025-08-19 14:44:47,059 - DEBUG - ret[code] = None, after post request
2025-08-19 14:44:47,059 - DEBUG - Query id: 01be7ac4-0006-55af-0109-f202052e11cb
2025-08-19 14:44:47,059 - DEBUG - deserialize_json_dict() called: data from server: {'entries': [{'id': 0, 'timestamp': 1755629091079803, 'priority': 0, 'context': 'CL6tZQ=='}]}
2025-08-19 14:44:47,059 - DEBUG - deserialize {'id': 0, 'timestamp': 1755629091079803, 'priority': 0, 'context': 'CL6tZQ=='}
2025-08-19 14:44:47,059 - DEBUG - sync_priority_map called priority_map size = 0, new_priority_map size = 1
2025-08-19 14:44:47,059 - DEBUG - trim_cache() called. treeSet size is 1 and cache capacity is 5
2025-08-19 14:44:47,059 - DEBUG - trim_cache() returns. treeSet size is 1 and cache capacity is 5
2025-08-19 14:44:47,059 - DEBUG - deserialize_json_dict() returns
2025-08-19 14:44:47,059 - DEBUG - Cache Entry: (0, 1755629091079803, 0)
2025-08-19 14:44:47,059 - DEBUG - Failed to reset SIGINT handler. Not in main thread. Ignored...
2025-08-19 14:44:47,059 - DEBUG - sfqid: 01be7ac4-0006-55af-0109-f202052e11cb
2025-08-19 14:44:47,059 - DEBUG - query execution done
2025-08-19 14:44:47,059 - DEBUG - SUCCESS
2025-08-19 14:44:47,059 - DEBUG - PUT OR GET: False
2025-08-19 14:44:47,059 - DEBUG - Query result format: json
2025-08-19 14:44:47,059 - DEBUG - parsing for result batch id: 1
2025-08-19 14:44:47,059 - DEBUG - Number of results in first chunk: 1
2025-08-19 14:44:47,059 - DEBUG - beginning to schedule result batch downloads
2025-08-19 14:44:47,059 - DEBUG - closed
2025-08-19 14:44:47,059 - DEBUG - Closing telemetry client.
2025-08-19 14:44:47,061 - DEBUG - Sending 1 logs to telemetry. Data is {'logs': [{'message': {'driver_type': 'PythonConnector', 'driver_version': '3.17.1', 'source': 'PythonConnector', 'type': 'client_imported_packages', 'value': "{'genericpath', 'quopri', 'socket', 'reprlib', 'dateutil', 'setuptools', 'decimal', 'operator', 'gc', 'concurrent', 'os', 'six', 'tomlkit', 'cryptography', 'math', 'cmath', 'atexit', 'random', 'pprint', 'threading', 'openpyxl', 'copy', 'winreg', 'stat', 'sre_compile', 'time', 'locale', 'nturl2path', 'queue', 'typing_extensions', 'pkg_resources', 'copyreg', 'binascii', 'collections', 'importlib', 'hmac', 'tempfile', 'calendar', 'base64', 're', 'pyimod03_ctypes', 'platformdirs', 'abc', 'asn1crypto', 'keyword', 'glob', 'ntpath', 'nt', 'zlib', 'ipaddress', 'msvcrt', 'lzma', 'gettext', 'pyexpat', 'numbers', 'bisect', 'weakref', 'pkgutil', 'certifi', 'uu', 'multiprocessing', 'shlex', 'argparse', 'pyimod01_archive', 'functools', 'gzip', 'heapq', 'jmespath', 'array', 'pytz', 'unicodedata', 'textwrap', 'codecs', 'sys', 'snowflake', 'typing', 'numpy', 'io', 'contextvars', 'zipfile', 'subprocess', 'secrets', 'unittest', 'cython_runtime', 'xml', 'getpass', 'spp_automation_enhanced', 'mimetypes', 'contextlib', 'runpy', 'fnmatch', 'inspect', 'pickle', 'et_xmlfile', 'warnings', 'configparser', 'opcode', 'select', 'sortedcontainers', 'ast', 'token', 'jwt', 'urllib', 'itertools', 'bz2', 'webbrowser', 'PIL', 'tarfile', 'logging', 'charset_normalizer', 'fractions', 'distutils', 'selectors', 'platform', 'stringprep', 'difflib', 'plistlib', 'shutil', 'html', 'tkinter', 'pandas', 'ctypes', 'uuid', 'urllib3', 'hashlib', 'dis', 'string', 'pyimod04_pywin32', 'ssl', 'sre_constants', 'mmap', 'encodings', 'traceback', 'tokenize', 'pathlib', 'sre_parse', 'getopt', 'asyncio', 'netrc', 'signal', 'linecache', 'struct', 'marshal', 'OpenSSL', 'boto3', 'zipimport', 'email', 'json', 'enum', 'http', 'builtins', 'posixpath', 'dataclasses', 'idna', 'sysconfig', 'packaging', 'pyimod02_importers', 'errno', 'datetime', 'csv', 'types', 'botocore'}"}, 'timestamp': '1755629086825'}, {'message': {'driver_type': 'PythonConnector', 'driver_version': '3.17.1', 'source': 'PythonConnector', 'type': 'client_time_consume_first_result', 'query_id': '01be7ac4-0006-55af-0109-f202052e11cb', 'value': -4062}, 'timestamp': '1755629087059'}]}.
2025-08-19 14:44:47,061 - DEBUG - Opentelemtry otel injection failed
Traceback (most recent call last):
  File "snowflake\connector\network.py", line 448, in request
ModuleNotFoundError: No module named 'opentelemetry'
2025-08-19 14:44:47,061 - DEBUG - remaining request timeout: 5000 ms, retry cnt: 1
2025-08-19 14:44:47,061 - DEBUG - Request guid: 30e46529-312b-4545-8aa8-f8a4ad7dddc7
2025-08-19 14:44:47,061 - DEBUG - socket timeout: 60
2025-08-19 14:44:47,125 - DEBUG - https://hdsupply-data.snowflakecomputing.com:443 "POST /telemetry/send?request_guid=30e46529-312b-4545-8aa8-f8a4ad7dddc7 HTTP/1.1" 200 None
2025-08-19 14:44:47,125 - DEBUG - SUCCESS
2025-08-19 14:44:47,125 - DEBUG - ret[code] = None, after post request
2025-08-19 14:44:47,125 - DEBUG - Successfully uploading metrics to telemetry.
2025-08-19 14:44:47,125 - DEBUG - No async queries seem to be running, deleting session
2025-08-19 14:44:47,133 - DEBUG - remaining request timeout: 5000 ms, retry cnt: 1
2025-08-19 14:44:47,133 - DEBUG - Request guid: 10d89d7d-a835-49f7-857b-0d6aca4cebb1
2025-08-19 14:44:47,133 - DEBUG - socket timeout: 60
2025-08-19 14:44:47,209 - DEBUG - https://hdsupply-data.snowflakecomputing.com:443 "POST /session?delete=true&request_guid=10d89d7d-a835-49f7-857b-0d6aca4cebb1 HTTP/1.1" 200 None
2025-08-19 14:44:47,209 - DEBUG - SUCCESS
2025-08-19 14:44:47,209 - DEBUG - ret[code] = None, after post request
2025-08-19 14:44:47,211 - DEBUG - clear_cache() called
2025-08-19 14:44:47,211 - DEBUG - Session is closed
2025-08-19 14:46:19,943 - INFO - Template file selected: C:/Users/1015723/OneDrive - HD Supply, Inc/Documents/Cole - Multi-Query information and template/Simplified Macro Template - SPP Monthly Details.xlsm
2025-08-19 14:46:45,096 - INFO - Template configuration saved to template_config.json
2025-08-19 14:46:45,096 - INFO - Template config updated: Path=C:/Users/1015723/OneDrive - HD Supply, Inc/Documents/Cole - Multi-Query information and template/Simplified Macro Template - SPP Monthly Details.xlsm, Use=True, Format=xlsm
2025-08-19 14:46:47,076 - INFO - === Starting SPP Automation Process ===
2025-08-19 14:46:47,076 - INFO - Vendors: ['200000']
2025-08-19 14:46:47,081 - INFO - Report Month: FY2025-JUN
2025-08-19 14:46:47,081 - INFO - Date Filter: 202506
2025-08-19 14:46:47,086 - INFO - Use Template: True
2025-08-19 14:46:47,089 - INFO - Template configuration saved to template_config.json
2025-08-19 14:46:47,089 - INFO - Template config updated: Path=C:/Users/1015723/OneDrive - HD Supply, Inc/Documents/Cole - Multi-Query information and template/Simplified Macro Template - SPP Monthly Details.xlsm, Use=True, Format=xlsm
2025-08-19 14:46:47,089 - INFO - === Starting SPP Automation Process ===
2025-08-19 14:46:47,089 - INFO - Vendors: ['200000']
2025-08-19 14:46:47,089 - INFO - Report Month: FY2025-JUN
2025-08-19 14:46:47,089 - INFO - Date Filter: 202506
2025-08-19 14:46:47,089 - INFO - Connecting to Snowflake with user: benf.benjamaa@hdsupply.com
2025-08-19 14:46:47,089 - DEBUG - reading configuration file from C:\Users\1015723\.snowflake\connections.toml
2025-08-19 14:46:47,089 - INFO - Snowflake Connector for Python Version: 3.17.1, Python Version: 3.10.11, Platform: Windows-10-10.0.26100-SP0
2025-08-19 14:46:47,089 - DEBUG - connect
2025-08-19 14:46:47,089 - DEBUG - __config
2025-08-19 14:46:47,089 - INFO - Connecting to GLOBAL Snowflake domain
2025-08-19 14:46:47,089 - DEBUG - This connection is in OCSP Fail Open Mode. TLS Certificates would be checked for validity and revocation status. Any other Certificate Revocation related exceptions or OCSP Responder failures would be disregarded in favor of connectivity.
2025-08-19 14:46:47,089 - DEBUG - This connection runs with disabled OCSP checks. Revocation status of the certificate will not be checked against OCSP Responder.
2025-08-19 14:46:47,089 - DEBUG - use_numpy: False
2025-08-19 14:46:47,089 - DEBUG - initialized
2025-08-19 14:46:47,089 - DEBUG - REST API object was created: HDSUPPLY-DATA.snowflakecomputing.com:443
2025-08-19 14:46:47,089 - WARNING - Dependency 'keyring' is not installed, cannot cache id token. You might experience multiple authentication pop ups while using ExternalBrowser/OAuth/MFA Authenticator. To avoid this please install keyring module using the following command:
 pip install snowflake-connector-python[secure-local-storage]
2025-08-19 14:46:47,089 - DEBUG - authenticating by Web Browser
2025-08-19 14:46:47,089 - DEBUG - step 1: query GS to obtain SSO url
2025-08-19 14:46:47,089 - DEBUG - IMDS ENDPOINT: http://169.254.169.254/
2025-08-19 14:46:47,089 - DEBUG - Looking for credentials via: env
2025-08-19 14:46:47,096 - DEBUG - Looking for credentials via: assume-role
2025-08-19 14:46:47,096 - DEBUG - Starting new HTTP connection (1): 169.254.169.254:80
2025-08-19 14:46:47,096 - DEBUG - Converted retries value: 1 -> Retry(total=1, connect=None, read=None, redirect=None, status=None)
2025-08-19 14:46:47,096 - DEBUG - Looking for credentials via: assume-role-with-web-identity
2025-08-19 14:46:47,096 - DEBUG - Converted retries value: 1 -> Retry(total=1, connect=None, read=None, redirect=None, status=None)
2025-08-19 14:46:47,096 - DEBUG - Converted retries value: 1 -> Retry(total=1, connect=None, read=None, redirect=None, status=None)
2025-08-19 14:46:47,096 - DEBUG - Looking for credentials via: sso
2025-08-19 14:46:47,096 - DEBUG - Converted retries value: 1 -> Retry(total=1, connect=None, read=None, redirect=None, status=None)
2025-08-19 14:46:47,096 - DEBUG - Caught retryable HTTP exception while making metadata service request to http://169.254.169.254/latest/api/token: Could not connect to the endpoint URL: "http://169.254.169.254/latest/api/token"
Traceback (most recent call last):
  File "urllib3\connection.py", line 198, in _new_conn
  File "urllib3\util\connection.py", line 85, in create_connection
  File "urllib3\util\connection.py", line 73, in create_connection
OSError: [WinError 10051] A socket operation was attempted to an unreachable network

The above exception was the direct cause of the following exception:

Traceback (most recent call last):
  File "botocore\httpsession.py", line 464, in send
  File "urllib3\connectionpool.py", line 841, in urlopen
  File "urllib3\util\retry.py", line 449, in increment
  File "urllib3\util\util.py", line 39, in reraise
  File "urllib3\connectionpool.py", line 787, in urlopen
  File "urllib3\connectionpool.py", line 493, in _make_request
  File "botocore\awsrequest.py", line 96, in request
  File "urllib3\connection.py", line 494, in request
  File "http\client.py", line 1278, in endheaders
  File "botocore\awsrequest.py", line 123, in _send_output
  File "botocore\awsrequest.py", line 223, in send
  File "http\client.py", line 976, in send
  File "urllib3\connection.py", line 325, in connect
  File "urllib3\connection.py", line 213, in _new_conn
urllib3.exceptions.NewConnectionError: <botocore.awsrequest.AWSHTTPConnection object at 0x0000022C6BA0A020>: Failed to establish a new connection: [WinError 10051] A socket operation was attempted to an unreachable network

During handling of the above exception, another exception occurred:

Traceback (most recent call last):
  File "botocore\utils.py", line 481, in _fetch_metadata_token
  File "botocore\httpsession.py", line 493, in send
botocore.exceptions.EndpointConnectionError: Could not connect to the endpoint URL: "http://169.254.169.254/latest/api/token"
2025-08-19 14:46:47,096 - DEBUG - Starting new HTTP connection (1): 169.254.169.254:80
2025-08-19 14:46:47,096 - DEBUG - Looking for credentials via: shared-credentials-file
2025-08-19 14:46:47,096 - DEBUG - Starting new HTTP connection (1): 169.254.169.254:80
2025-08-19 14:46:47,096 - DEBUG - Starting new HTTP connection (1): metadata.google.internal:80
2025-08-19 14:46:47,096 - DEBUG - Starting new HTTP connection (1): metadata.google.internal:80
2025-08-19 14:46:47,096 - DEBUG - Starting new HTTP connection (2): 169.254.169.254:80
2025-08-19 14:46:47,096 - DEBUG - Looking for credentials via: custom-process
2025-08-19 14:46:47,096 - DEBUG - Incremented Retry for (url='/metadata/instance?api-version=2021-02-01'): Retry(total=0, connect=None, read=None, redirect=None, status=None)
2025-08-19 14:46:47,096 - DEBUG - Incremented Retry for (url='/metadata/identity/oauth2/token?api-version=2018-02-01&resource=https://management.azure.com'): Retry(total=0, connect=None, read=None, redirect=None, status=None)
2025-08-19 14:46:47,096 - DEBUG - Looking for credentials via: config-file
2025-08-19 14:46:47,096 - WARNING - Retrying (Retry(total=0, connect=None, read=None, redirect=None, status=None)) after connection broken by 'NewConnectionError('<snowflake.connector.vendored.urllib3.connection.HTTPConnection object at 0x0000022C6BBB0610>: Failed to establish a new connection: [WinError 10051] A socket operation was attempted to an unreachable network')': /metadata/instance?api-version=2021-02-01
2025-08-19 14:46:47,096 - WARNING - Retrying (Retry(total=0, connect=None, read=None, redirect=None, status=None)) after connection broken by 'NewConnectionError('<snowflake.connector.vendored.urllib3.connection.HTTPConnection object at 0x0000022C6AC87400>: Failed to establish a new connection: [WinError 10051] A socket operation was attempted to an unreachable network')': /metadata/identity/oauth2/token?api-version=2018-02-01&resource=https://management.azure.com
2025-08-19 14:46:47,096 - DEBUG - Starting new HTTP connection (2): 169.254.169.254:80
2025-08-19 14:46:47,096 - DEBUG - Looking for credentials via: ec2-credentials-file
2025-08-19 14:46:47,096 - DEBUG - Starting new HTTP connection (2): 169.254.169.254:80
2025-08-19 14:46:47,106 - DEBUG - Looking for credentials via: boto-config
2025-08-19 14:46:47,106 - DEBUG - Looking for credentials via: container-role
2025-08-19 14:46:47,106 - DEBUG - Looking for credentials via: iam-role
2025-08-19 14:46:47,106 - DEBUG - Starting new HTTP connection (5): 169.254.169.254:80
2025-08-19 14:46:47,112 - DEBUG - Caught retryable HTTP exception while making metadata service request to http://169.254.169.254//latest/dynamic/instance-identity/document: Could not connect to the endpoint URL: "http://169.254.169.254//latest/dynamic/instance-identity/document"
Traceback (most recent call last):
  File "urllib3\connection.py", line 198, in _new_conn
  File "urllib3\util\connection.py", line 85, in create_connection
  File "urllib3\util\connection.py", line 73, in create_connection
OSError: [WinError 10051] A socket operation was attempted to an unreachable network

The above exception was the direct cause of the following exception:

Traceback (most recent call last):
  File "botocore\httpsession.py", line 464, in send
  File "urllib3\connectionpool.py", line 841, in urlopen
  File "urllib3\util\retry.py", line 449, in increment
  File "urllib3\util\util.py", line 39, in reraise
  File "urllib3\connectionpool.py", line 787, in urlopen
  File "urllib3\connectionpool.py", line 493, in _make_request
  File "botocore\awsrequest.py", line 96, in request
  File "urllib3\connection.py", line 494, in request
  File "http\client.py", line 1278, in endheaders
  File "botocore\awsrequest.py", line 123, in _send_output
  File "botocore\awsrequest.py", line 223, in send
  File "http\client.py", line 976, in send
  File "urllib3\connection.py", line 325, in connect
  File "urllib3\connection.py", line 213, in _new_conn
urllib3.exceptions.NewConnectionError: <botocore.awsrequest.AWSHTTPConnection object at 0x0000022C6BA09C60>: Failed to establish a new connection: [WinError 10051] A socket operation was attempted to an unreachable network

During handling of the above exception, another exception occurred:

Traceback (most recent call last):
  File "botocore\utils.py", line 536, in _get_request
  File "botocore\httpsession.py", line 493, in send
botocore.exceptions.EndpointConnectionError: Could not connect to the endpoint URL: "http://169.254.169.254//latest/dynamic/instance-identity/document"
2025-08-19 14:46:47,128 - DEBUG - Caught retryable HTTP exception while making metadata service request to http://169.254.169.254/latest/api/token: Could not connect to the endpoint URL: "http://169.254.169.254/latest/api/token"
Traceback (most recent call last):
  File "urllib3\connection.py", line 198, in _new_conn
  File "urllib3\util\connection.py", line 85, in create_connection
  File "urllib3\util\connection.py", line 73, in create_connection
OSError: [WinError 10051] A socket operation was attempted to an unreachable network

The above exception was the direct cause of the following exception:

Traceback (most recent call last):
  File "botocore\httpsession.py", line 464, in send
  File "urllib3\connectionpool.py", line 841, in urlopen
  File "urllib3\util\retry.py", line 449, in increment
  File "urllib3\util\util.py", line 39, in reraise
  File "urllib3\connectionpool.py", line 787, in urlopen
  File "urllib3\connectionpool.py", line 493, in _make_request
  File "botocore\awsrequest.py", line 96, in request
  File "urllib3\connection.py", line 494, in request
  File "http\client.py", line 1278, in endheaders
  File "botocore\awsrequest.py", line 123, in _send_output
  File "botocore\awsrequest.py", line 223, in send
  File "http\client.py", line 976, in send
  File "urllib3\connection.py", line 325, in connect
  File "urllib3\connection.py", line 213, in _new_conn
urllib3.exceptions.NewConnectionError: <botocore.awsrequest.AWSHTTPConnection object at 0x0000022C6BBB16C0>: Failed to establish a new connection: [WinError 10051] A socket operation was attempted to an unreachable network

During handling of the above exception, another exception occurred:

Traceback (most recent call last):
  File "botocore\utils.py", line 481, in _fetch_metadata_token
  File "botocore\httpsession.py", line 493, in send
botocore.exceptions.EndpointConnectionError: Could not connect to the endpoint URL: "http://169.254.169.254/latest/api/token"
2025-08-19 14:46:47,128 - DEBUG - Starting new HTTP connection (6): 169.254.169.254:80
2025-08-19 14:46:47,128 - DEBUG - Caught retryable HTTP exception while making metadata service request to http://169.254.169.254/latest/meta-data/iam/security-credentials/: Could not connect to the endpoint URL: "http://169.254.169.254/latest/meta-data/iam/security-credentials/"
Traceback (most recent call last):
  File "urllib3\connection.py", line 198, in _new_conn
  File "urllib3\util\connection.py", line 85, in create_connection
  File "urllib3\util\connection.py", line 73, in create_connection
OSError: [WinError 10051] A socket operation was attempted to an unreachable network

The above exception was the direct cause of the following exception:

Traceback (most recent call last):
  File "botocore\httpsession.py", line 464, in send
  File "urllib3\connectionpool.py", line 841, in urlopen
  File "urllib3\util\retry.py", line 449, in increment
  File "urllib3\util\util.py", line 39, in reraise
  File "urllib3\connectionpool.py", line 787, in urlopen
  File "urllib3\connectionpool.py", line 493, in _make_request
  File "botocore\awsrequest.py", line 96, in request
  File "urllib3\connection.py", line 494, in request
  File "http\client.py", line 1278, in endheaders
  File "botocore\awsrequest.py", line 123, in _send_output
  File "botocore\awsrequest.py", line 223, in send
  File "http\client.py", line 976, in send
  File "urllib3\connection.py", line 325, in connect
  File "urllib3\connection.py", line 213, in _new_conn
urllib3.exceptions.NewConnectionError: <botocore.awsrequest.AWSHTTPConnection object at 0x0000022C6BBB1A80>: Failed to establish a new connection: [WinError 10051] A socket operation was attempted to an unreachable network

During handling of the above exception, another exception occurred:

Traceback (most recent call last):
  File "botocore\utils.py", line 536, in _get_request
  File "botocore\httpsession.py", line 493, in send
botocore.exceptions.EndpointConnectionError: Could not connect to the endpoint URL: "http://169.254.169.254/latest/meta-data/iam/security-credentials/"
2025-08-19 14:46:47,128 - DEBUG - Max number of attempts exceeded (1) when attempting to retrieve data from metadata service.
2025-08-19 14:46:47,128 - DEBUG - Event choose-service-name: calling handler <function handle_service_name_alias at 0x0000022C6A64EE60>
2025-08-19 14:46:47,128 - DEBUG - Event creating-client-class.sts: calling handler <function add_generate_presigned_url at 0x0000022C6A5E6050>
2025-08-19 14:46:47,128 - DEBUG - Looking for endpoint for sts via: environment_service
2025-08-19 14:46:47,128 - DEBUG - Looking for endpoint for sts via: environment_global
2025-08-19 14:46:47,128 - DEBUG - Looking for endpoint for sts via: config_service
2025-08-19 14:46:47,128 - DEBUG - Looking for endpoint for sts via: config_global
2025-08-19 14:46:47,128 - DEBUG - No configured endpoint found.
2025-08-19 14:46:47,128 - DEBUG - Setting sts timeout as (0.2, 0.2)
2025-08-19 14:46:47,128 - DEBUG - Incremented Retry for (url='/'): Retry(total=0, connect=None, read=None, redirect=None, status=None)
2025-08-19 14:46:47,128 - DEBUG - Registering retry handlers for service: sts
2025-08-19 14:46:47,128 - WARNING - Retrying (Retry(total=0, connect=None, read=None, redirect=None, status=None)) after connection broken by 'NewConnectionError('<snowflake.connector.vendored.urllib3.connection.HTTPConnection object at 0x0000022C6BBB0AC0>: Failed to establish a new connection: [Errno 11001] getaddrinfo failed')': /
2025-08-19 14:46:47,128 - DEBUG - Event before-parameter-build.sts.GetCallerIdentity: calling handler <function generate_idempotent_uuid at 0x0000022C6A678550>
2025-08-19 14:46:47,128 - DEBUG - Starting new HTTP connection (2): metadata.google.internal:80
2025-08-19 14:46:47,128 - DEBUG - Event before-parameter-build.sts.GetCallerIdentity: calling handler <function _handle_request_validation_mode_member at 0x0000022C6A67AC20>
2025-08-19 14:46:47,136 - DEBUG - Calling endpoint provider with parameters: {'Region': 'aws-global', 'UseDualStack': False, 'UseFIPS': False, 'UseGlobalEndpoint': False}
2025-08-19 14:46:47,136 - DEBUG - Incremented Retry for (url='/computeMetadata/v1/instance/service-accounts/default/email'): Retry(total=0, connect=None, read=None, redirect=None, status=None)
2025-08-19 14:46:47,136 - DEBUG - Endpoint provider result: https://sts.amazonaws.com
2025-08-19 14:46:47,136 - WARNING - Retrying (Retry(total=0, connect=None, read=None, redirect=None, status=None)) after connection broken by 'NewConnectionError('<snowflake.connector.vendored.urllib3.connection.HTTPConnection object at 0x0000022C6BA0B4C0>: Failed to establish a new connection: [Errno 11001] getaddrinfo failed')': /computeMetadata/v1/instance/service-accounts/default/email
2025-08-19 14:46:47,136 - DEBUG - Selecting from endpoint provider's list of auth schemes: "sigv4". User selected auth scheme is: "None"
2025-08-19 14:46:47,136 - DEBUG - Starting new HTTP connection (2): metadata.google.internal:80
2025-08-19 14:46:47,136 - DEBUG - Selected auth type "v4" as "v4" with signing context params: {'region': 'us-east-1', 'signing_name': 'sts'}
2025-08-19 14:46:47,136 - DEBUG - Event before-call.sts.GetCallerIdentity: calling handler <function add_recursion_detection_header at 0x0000022C6A6780D0>
2025-08-19 14:46:47,136 - DEBUG - Event before-call.sts.GetCallerIdentity: calling handler <function inject_api_version_header_if_needed at 0x0000022C6A679D80>
2025-08-19 14:46:47,136 - DEBUG - Making request for OperationModel(name=GetCallerIdentity) with params: {'url_path': '/', 'query_string': '', 'method': 'POST', 'headers': {'Content-Type': 'application/x-www-form-urlencoded; charset=utf-8', 'User-Agent': 'Boto3/1.40.12 md/Botocore#1.40.12 ua/2.1 os/windows#10 md/arch#amd64 lang/python#3.10.11 md/pyimpl#CPython m/b,Z,D cfg/retry-mode#legacy Botocore/1.40.12'}, 'body': {'Action': 'GetCallerIdentity', 'Version': '2011-06-15'}, 'url': 'https://sts.amazonaws.com/', 'context': {'client_region': 'aws-global', 'client_config': <botocore.config.Config object at 0x0000022C6BA52170>, 'has_streaming_input': False, 'auth_type': 'v4', 'unsigned_payload': None, 'auth_options': ['aws.auth#sigv4'], 'signing': {'region': 'us-east-1', 'signing_name': 'sts'}, 'endpoint_properties': {'authSchemes': [{'name': 'sigv4', 'signingName': 'sts', 'signingRegion': 'us-east-1'}]}}}
2025-08-19 14:46:47,136 - DEBUG - Event request-created.sts.GetCallerIdentity: calling handler <bound method RequestSigner.handler of <botocore.signers.RequestSigner object at 0x0000022C6BA508E0>>
2025-08-19 14:46:47,139 - DEBUG - Event choose-signer.sts.GetCallerIdentity: calling handler <function set_operation_specific_signer at 0x0000022C6A678310>
2025-08-19 14:46:47,139 - DEBUG - account=HDSUPPLY-DATA, authenticator=EXTERNALBROWSER, user=benf.benjamaa@hdsupply.com
2025-08-19 14:46:47,139 - DEBUG - Converted retries value: 1 -> Retry(total=1, connect=None, read=None, redirect=None, status=None)
2025-08-19 14:46:47,139 - DEBUG - remaining request timeout: N/A ms, retry cnt: 1
2025-08-19 14:46:47,139 - DEBUG - Request guid: cc2aca92-21a2-4933-b96b-25d85b7fbebb
2025-08-19 14:46:47,139 - DEBUG - socket timeout: 60
2025-08-19 14:46:47,139 - DEBUG - Starting new HTTPS connection (1): hdsupply-data.snowflakecomputing.com:443
2025-08-19 14:46:47,386 - DEBUG - OCSP Mode: DISABLE_OCSP_CHECKS, OCSP response cache file name: None
2025-08-19 14:46:47,386 - DEBUG - This connection does not perform OCSP checks. Revocation status of the certificate will not be checked against OCSP Responder.
2025-08-19 14:46:47,496 - DEBUG - https://hdsupply-data.snowflakecomputing.com:443 "POST /session/authenticator-request?request_guid=cc2aca92-21a2-4933-b96b-25d85b7fbebb HTTP/1.1" 200 None
2025-08-19 14:46:47,496 - DEBUG - SUCCESS
2025-08-19 14:46:47,496 - DEBUG - ret[code] = None, after post request
2025-08-19 14:46:47,496 - DEBUG - Validate SSO URL
2025-08-19 14:46:47,496 - DEBUG - step 2: open a browser
2025-08-19 14:46:47,546 - DEBUG - step 3: accept SAML token
2025-08-19 14:46:49,816 - DEBUG - User-Agent: Mozilla/5.0 (Windows NT 10.0; Win64; x64) AppleWebKit/537.36 (KHTML, like Gecko) Chrome/139.0.0.0 Safari/537.36
2025-08-19 14:46:49,816 - DEBUG - authenticate
2025-08-19 14:46:49,816 - DEBUG - IMDS ENDPOINT: http://169.254.169.254/
2025-08-19 14:46:49,821 - DEBUG - Looking for credentials via: env
2025-08-19 14:46:49,821 - DEBUG - Looking for credentials via: assume-role
2025-08-19 14:46:49,821 - DEBUG - Starting new HTTP connection (1): 169.254.169.254:80
2025-08-19 14:46:49,821 - DEBUG - Looking for credentials via: assume-role-with-web-identity
2025-08-19 14:46:49,821 - DEBUG - Converted retries value: 1 -> Retry(total=1, connect=None, read=None, redirect=None, status=None)
2025-08-19 14:46:49,822 - DEBUG - Converted retries value: 1 -> Retry(total=1, connect=None, read=None, redirect=None, status=None)
2025-08-19 14:46:49,822 - DEBUG - Looking for credentials via: sso
2025-08-19 14:46:49,823 - DEBUG - Converted retries value: 1 -> Retry(total=1, connect=None, read=None, redirect=None, status=None)
2025-08-19 14:46:49,824 - DEBUG - Converted retries value: 1 -> Retry(total=1, connect=None, read=None, redirect=None, status=None)
2025-08-19 14:46:49,824 - DEBUG - Caught retryable HTTP exception while making metadata service request to http://169.254.169.254/latest/api/token: Could not connect to the endpoint URL: "http://169.254.169.254/latest/api/token"
Traceback (most recent call last):
  File "urllib3\connection.py", line 198, in _new_conn
  File "urllib3\util\connection.py", line 85, in create_connection
  File "urllib3\util\connection.py", line 73, in create_connection
OSError: [WinError 10051] A socket operation was attempted to an unreachable network

The above exception was the direct cause of the following exception:

Traceback (most recent call last):
  File "botocore\httpsession.py", line 464, in send
  File "urllib3\connectionpool.py", line 841, in urlopen
  File "urllib3\util\retry.py", line 449, in increment
  File "urllib3\util\util.py", line 39, in reraise
  File "urllib3\connectionpool.py", line 787, in urlopen
  File "urllib3\connectionpool.py", line 493, in _make_request
  File "botocore\awsrequest.py", line 96, in request
  File "urllib3\connection.py", line 494, in request
  File "http\client.py", line 1278, in endheaders
  File "botocore\awsrequest.py", line 123, in _send_output
  File "botocore\awsrequest.py", line 223, in send
  File "http\client.py", line 976, in send
  File "urllib3\connection.py", line 325, in connect
  File "urllib3\connection.py", line 213, in _new_conn
urllib3.exceptions.NewConnectionError: <botocore.awsrequest.AWSHTTPConnection object at 0x0000022C6BBB1840>: Failed to establish a new connection: [WinError 10051] A socket operation was attempted to an unreachable network

During handling of the above exception, another exception occurred:

Traceback (most recent call last):
  File "botocore\utils.py", line 481, in _fetch_metadata_token
  File "botocore\httpsession.py", line 493, in send
botocore.exceptions.EndpointConnectionError: Could not connect to the endpoint URL: "http://169.254.169.254/latest/api/token"
2025-08-19 14:46:49,824 - DEBUG - Looking for credentials via: shared-credentials-file
2025-08-19 14:46:49,825 - DEBUG - Starting new HTTP connection (1): 169.254.169.254:80
2025-08-19 14:46:49,825 - DEBUG - Starting new HTTP connection (1): 169.254.169.254:80
2025-08-19 14:46:49,826 - DEBUG - Starting new HTTP connection (1): metadata.google.internal:80
2025-08-19 14:46:49,827 - DEBUG - Starting new HTTP connection (1): metadata.google.internal:80
2025-08-19 14:46:49,828 - DEBUG - Starting new HTTP connection (2): 169.254.169.254:80
2025-08-19 14:46:49,829 - DEBUG - Looking for credentials via: custom-process
2025-08-19 14:46:49,829 - DEBUG - Incremented Retry for (url='/metadata/instance?api-version=2021-02-01'): Retry(total=0, connect=None, read=None, redirect=None, status=None)
2025-08-19 14:46:49,830 - DEBUG - Incremented Retry for (url='/computeMetadata/v1/instance/service-accounts/default/email'): Retry(total=0, connect=None, read=None, redirect=None, status=None)
2025-08-19 14:46:49,830 - DEBUG - Looking for credentials via: config-file
2025-08-19 14:46:49,830 - DEBUG - Incremented Retry for (url='/metadata/identity/oauth2/token?api-version=2018-02-01&resource=https://management.azure.com'): Retry(total=0, connect=None, read=None, redirect=None, status=None)
2025-08-19 14:46:49,830 - DEBUG - Incremented Retry for (url='/'): Retry(total=0, connect=None, read=None, redirect=None, status=None)
2025-08-19 14:46:49,830 - WARNING - Retrying (Retry(total=0, connect=None, read=None, redirect=None, status=None)) after connection broken by 'NewConnectionError('<snowflake.connector.vendored.urllib3.connection.HTTPConnection object at 0x0000022C6BA08A90>: Failed to establish a new connection: [WinError 10051] A socket operation was attempted to an unreachable network')': /metadata/instance?api-version=2021-02-01
2025-08-19 14:46:49,830 - WARNING - Retrying (Retry(total=0, connect=None, read=None, redirect=None, status=None)) after connection broken by 'NewConnectionError('<snowflake.connector.vendored.urllib3.connection.HTTPConnection object at 0x0000022C6BBB34C0>: Failed to establish a new connection: [Errno 11001] getaddrinfo failed')': /computeMetadata/v1/instance/service-accounts/default/email
2025-08-19 14:46:49,830 - DEBUG - Caught retryable HTTP exception while making metadata service request to http://169.254.169.254//latest/dynamic/instance-identity/document: Could not connect to the endpoint URL: "http://169.254.169.254//latest/dynamic/instance-identity/document"
Traceback (most recent call last):
  File "urllib3\connection.py", line 198, in _new_conn
  File "urllib3\util\connection.py", line 85, in create_connection
  File "urllib3\util\connection.py", line 73, in create_connection
OSError: [WinError 10051] A socket operation was attempted to an unreachable network

The above exception was the direct cause of the following exception:

Traceback (most recent call last):
  File "botocore\httpsession.py", line 464, in send
  File "urllib3\connectionpool.py", line 841, in urlopen
  File "urllib3\util\retry.py", line 449, in increment
  File "urllib3\util\util.py", line 39, in reraise
  File "urllib3\connectionpool.py", line 787, in urlopen
  File "urllib3\connectionpool.py", line 493, in _make_request
  File "botocore\awsrequest.py", line 96, in request
  File "urllib3\connection.py", line 494, in request
  File "http\client.py", line 1278, in endheaders
  File "botocore\awsrequest.py", line 123, in _send_output
  File "botocore\awsrequest.py", line 223, in send
  File "http\client.py", line 976, in send
  File "urllib3\connection.py", line 325, in connect
  File "urllib3\connection.py", line 213, in _new_conn
urllib3.exceptions.NewConnectionError: <botocore.awsrequest.AWSHTTPConnection object at 0x0000022C6BBB0D00>: Failed to establish a new connection: [WinError 10051] A socket operation was attempted to an unreachable network

During handling of the above exception, another exception occurred:

Traceback (most recent call last):
  File "botocore\utils.py", line 536, in _get_request
  File "botocore\httpsession.py", line 493, in send
botocore.exceptions.EndpointConnectionError: Could not connect to the endpoint URL: "http://169.254.169.254//latest/dynamic/instance-identity/document"
2025-08-19 14:46:49,830 - WARNING - Retrying (Retry(total=0, connect=None, read=None, redirect=None, status=None)) after connection broken by 'NewConnectionError('<snowflake.connector.vendored.urllib3.connection.HTTPConnection object at 0x0000022C6BA539D0>: Failed to establish a new connection: [WinError 10051] A socket operation was attempted to an unreachable network')': /metadata/identity/oauth2/token?api-version=2018-02-01&resource=https://management.azure.com
2025-08-19 14:46:49,830 - DEBUG - Looking for credentials via: ec2-credentials-file
2025-08-19 14:46:49,830 - WARNING - Retrying (Retry(total=0, connect=None, read=None, redirect=None, status=None)) after connection broken by 'NewConnectionError('<snowflake.connector.vendored.urllib3.connection.HTTPConnection object at 0x0000022C6BBB0B80>: Failed to establish a new connection: [Errno 11001] getaddrinfo failed')': /
2025-08-19 14:46:49,830 - DEBUG - Starting new HTTP connection (2): 169.254.169.254:80
2025-08-19 14:46:49,832 - DEBUG - Starting new HTTP connection (2): metadata.google.internal:80
2025-08-19 14:46:49,833 - DEBUG - Starting new HTTP connection (2): 169.254.169.254:80
2025-08-19 14:46:49,833 - DEBUG - Looking for credentials via: boto-config
2025-08-19 14:46:49,834 - DEBUG - Starting new HTTP connection (2): metadata.google.internal:80
2025-08-19 14:46:49,835 - DEBUG - Looking for credentials via: container-role
2025-08-19 14:46:49,835 - DEBUG - Looking for credentials via: iam-role
2025-08-19 14:46:49,835 - DEBUG - Starting new HTTP connection (7): 169.254.169.254:80
2025-08-19 14:46:49,836 - DEBUG - Caught retryable HTTP exception while making metadata service request to http://169.254.169.254/latest/api/token: Could not connect to the endpoint URL: "http://169.254.169.254/latest/api/token"
Traceback (most recent call last):
  File "urllib3\connection.py", line 198, in _new_conn
  File "urllib3\util\connection.py", line 85, in create_connection
  File "urllib3\util\connection.py", line 73, in create_connection
OSError: [WinError 10051] A socket operation was attempted to an unreachable network

The above exception was the direct cause of the following exception:

Traceback (most recent call last):
  File "botocore\httpsession.py", line 464, in send
  File "urllib3\connectionpool.py", line 841, in urlopen
  File "urllib3\util\retry.py", line 449, in increment
  File "urllib3\util\util.py", line 39, in reraise
  File "urllib3\connectionpool.py", line 787, in urlopen
  File "urllib3\connectionpool.py", line 493, in _make_request
  File "botocore\awsrequest.py", line 96, in request
  File "urllib3\connection.py", line 494, in request
  File "http\client.py", line 1278, in endheaders
  File "botocore\awsrequest.py", line 123, in _send_output
  File "botocore\awsrequest.py", line 223, in send
  File "http\client.py", line 976, in send
  File "urllib3\connection.py", line 325, in connect
  File "urllib3\connection.py", line 213, in _new_conn
urllib3.exceptions.NewConnectionError: <botocore.awsrequest.AWSHTTPConnection object at 0x0000022C6BBB3CD0>: Failed to establish a new connection: [WinError 10051] A socket operation was attempted to an unreachable network

During handling of the above exception, another exception occurred:

Traceback (most recent call last):
  File "botocore\utils.py", line 481, in _fetch_metadata_token
  File "botocore\httpsession.py", line 493, in send
botocore.exceptions.EndpointConnectionError: Could not connect to the endpoint URL: "http://169.254.169.254/latest/api/token"
2025-08-19 14:46:49,837 - DEBUG - Starting new HTTP connection (8): 169.254.169.254:80
2025-08-19 14:46:49,837 - DEBUG - Caught retryable HTTP exception while making metadata service request to http://169.254.169.254/latest/meta-data/iam/security-credentials/: Could not connect to the endpoint URL: "http://169.254.169.254/latest/meta-data/iam/security-credentials/"
Traceback (most recent call last):
  File "urllib3\connection.py", line 198, in _new_conn
  File "urllib3\util\connection.py", line 85, in create_connection
  File "urllib3\util\connection.py", line 73, in create_connection
OSError: [WinError 10051] A socket operation was attempted to an unreachable network

The above exception was the direct cause of the following exception:

Traceback (most recent call last):
  File "botocore\httpsession.py", line 464, in send
  File "urllib3\connectionpool.py", line 841, in urlopen
  File "urllib3\util\retry.py", line 449, in increment
  File "urllib3\util\util.py", line 39, in reraise
  File "urllib3\connectionpool.py", line 787, in urlopen
  File "urllib3\connectionpool.py", line 493, in _make_request
  File "botocore\awsrequest.py", line 96, in request
  File "urllib3\connection.py", line 494, in request
  File "http\client.py", line 1278, in endheaders
  File "botocore\awsrequest.py", line 123, in _send_output
  File "botocore\awsrequest.py", line 223, in send
  File "http\client.py", line 976, in send
  File "urllib3\connection.py", line 325, in connect
  File "urllib3\connection.py", line 213, in _new_conn
urllib3.exceptions.NewConnectionError: <botocore.awsrequest.AWSHTTPConnection object at 0x0000022C6BBF86A0>: Failed to establish a new connection: [WinError 10051] A socket operation was attempted to an unreachable network

During handling of the above exception, another exception occurred:

Traceback (most recent call last):
  File "botocore\utils.py", line 536, in _get_request
  File "botocore\httpsession.py", line 493, in send
botocore.exceptions.EndpointConnectionError: Could not connect to the endpoint URL: "http://169.254.169.254/latest/meta-data/iam/security-credentials/"
2025-08-19 14:46:49,839 - DEBUG - Max number of attempts exceeded (1) when attempting to retrieve data from metadata service.
2025-08-19 14:46:49,839 - DEBUG - Event choose-service-name: calling handler <function handle_service_name_alias at 0x0000022C6A64EE60>
2025-08-19 14:46:49,839 - DEBUG - Event creating-client-class.sts: calling handler <function add_generate_presigned_url at 0x0000022C6A5E6050>
2025-08-19 14:46:49,839 - DEBUG - Looking for endpoint for sts via: environment_service
2025-08-19 14:46:49,839 - DEBUG - Looking for endpoint for sts via: environment_global
2025-08-19 14:46:49,839 - DEBUG - Looking for endpoint for sts via: config_service
2025-08-19 14:46:49,839 - DEBUG - Looking for endpoint for sts via: config_global
2025-08-19 14:46:49,839 - DEBUG - No configured endpoint found.
2025-08-19 14:46:49,841 - DEBUG - Setting sts timeout as (0.2, 0.2)
2025-08-19 14:46:49,841 - DEBUG - Registering retry handlers for service: sts
2025-08-19 14:46:49,841 - DEBUG - Event before-parameter-build.sts.GetCallerIdentity: calling handler <function generate_idempotent_uuid at 0x0000022C6A678550>
2025-08-19 14:46:49,841 - DEBUG - Event before-parameter-build.sts.GetCallerIdentity: calling handler <function _handle_request_validation_mode_member at 0x0000022C6A67AC20>
2025-08-19 14:46:49,841 - DEBUG - Calling endpoint provider with parameters: {'Region': 'aws-global', 'UseDualStack': False, 'UseFIPS': False, 'UseGlobalEndpoint': False}
2025-08-19 14:46:49,841 - DEBUG - Endpoint provider result: https://sts.amazonaws.com
2025-08-19 14:46:49,841 - DEBUG - Selecting from endpoint provider's list of auth schemes: "sigv4". User selected auth scheme is: "None"
2025-08-19 14:46:49,841 - DEBUG - Selected auth type "v4" as "v4" with signing context params: {'region': 'us-east-1', 'signing_name': 'sts'}
2025-08-19 14:46:49,841 - DEBUG - Event before-call.sts.GetCallerIdentity: calling handler <function add_recursion_detection_header at 0x0000022C6A6780D0>
2025-08-19 14:46:49,841 - DEBUG - Event before-call.sts.GetCallerIdentity: calling handler <function inject_api_version_header_if_needed at 0x0000022C6A679D80>
2025-08-19 14:46:49,841 - DEBUG - Making request for OperationModel(name=GetCallerIdentity) with params: {'url_path': '/', 'query_string': '', 'method': 'POST', 'headers': {'Content-Type': 'application/x-www-form-urlencoded; charset=utf-8', 'User-Agent': 'Boto3/1.40.12 md/Botocore#1.40.12 ua/2.1 os/windows#10 md/arch#amd64 lang/python#3.10.11 md/pyimpl#CPython m/b,Z,D cfg/retry-mode#legacy Botocore/1.40.12'}, 'body': {'Action': 'GetCallerIdentity', 'Version': '2011-06-15'}, 'url': 'https://sts.amazonaws.com/', 'context': {'client_region': 'aws-global', 'client_config': <botocore.config.Config object at 0x0000022C6BA53220>, 'has_streaming_input': False, 'auth_type': 'v4', 'unsigned_payload': None, 'auth_options': ['aws.auth#sigv4'], 'signing': {'region': 'us-east-1', 'signing_name': 'sts'}, 'endpoint_properties': {'authSchemes': [{'name': 'sigv4', 'signingName': 'sts', 'signingRegion': 'us-east-1'}]}}}
2025-08-19 14:46:49,843 - DEBUG - Event request-created.sts.GetCallerIdentity: calling handler <bound method RequestSigner.handler of <botocore.signers.RequestSigner object at 0x0000022C6BA50160>>
2025-08-19 14:46:49,843 - DEBUG - Event choose-signer.sts.GetCallerIdentity: calling handler <function set_operation_specific_signer at 0x0000022C6A678310>
2025-08-19 14:46:49,843 - DEBUG - account=HDSUPPLY-DATA, user=benf.benjamaa@hdsupply.com, database=None, schema=None, warehouse=None, role=None, request_id=60fb2974-b341-4dde-ab43-e0f8ff4e5e4c
2025-08-19 14:46:49,843 - DEBUG - body['data']: {'CLIENT_APP_ID': 'PythonConnector', 'CLIENT_APP_VERSION': '3.17.1', 'SVN_REVISION': None, 'ACCOUNT_NAME': 'HDSUPPLY-DATA', 'LOGIN_NAME': 'benf.benjamaa@hdsupply.com', 'CLIENT_ENVIRONMENT': {'APPLICATION': 'PythonConnector', 'APPLICATION_PATH': 'C:\\Users\\1015723\\AppData\\Local\\Temp\\_MEI531722\\threading.py', 'OS': 'Windows', 'OS_VERSION': 'Windows-10-10.0.26100-SP0', 'PYTHON_VERSION': '3.10.11', 'PYTHON_RUNTIME': 'CPython', 'PYTHON_COMPILER': 'MSC v.1929 64 bit (AMD64)', 'OCSP_MODE': 'DISABLE_OCSP_CHECKS', 'TRACING': 10, 'LOGIN_TIMEOUT': None, 'NETWORK_TIMEOUT': None, 'SOCKET_TIMEOUT': None, 'PLATFORM': []}, 'AUTHENTICATOR': 'EXTERNALBROWSER', 'TOKEN': '******', 'PROOF_KEY': '******', 'SESSION_PARAMETERS': {'CLIENT_PREFETCH_THREADS': 4, 'CLIENT_STORE_TEMPORARY_CREDENTIAL': True}}
2025-08-19 14:46:49,843 - DEBUG - remaining request timeout: N/A ms, retry cnt: 1
2025-08-19 14:46:49,843 - DEBUG - Request guid: 888c818b-f896-44af-b6eb-dd7a72d9e88a
2025-08-19 14:46:49,843 - DEBUG - socket timeout: 60
2025-08-19 14:46:50,057 - DEBUG - https://hdsupply-data.snowflakecomputing.com:443 "POST /session/v1/login-request?request_id=60fb2974-b341-4dde-ab43-e0f8ff4e5e4c&request_guid=888c818b-f896-44af-b6eb-dd7a72d9e88a HTTP/1.1" 200 6008
2025-08-19 14:46:50,057 - DEBUG - SUCCESS
2025-08-19 14:46:50,057 - DEBUG - ret[code] = None, after post request
2025-08-19 14:46:50,057 - DEBUG - completed authentication
2025-08-19 14:46:50,057 - DEBUG - token = ******
2025-08-19 14:46:50,057 - DEBUG - master_token = ******
2025-08-19 14:46:50,057 - DEBUG - id_token = ******
2025-08-19 14:46:50,057 - DEBUG - mfa_token = NULL
2025-08-19 14:46:50,057 - WARNING - Dependency 'keyring' is not installed, cannot cache id token. You might experience multiple authentication pop ups while using ExternalBrowser/OAuth/MFA Authenticator. To avoid this please install keyring module using the following command:
 pip install snowflake-connector-python[secure-local-storage]
2025-08-19 14:46:50,063 - INFO - Successfully connected to Snowflake
2025-08-19 14:46:50,063 - INFO - Executing Basic Metrics query...
2025-08-19 14:46:50,063 - INFO - Executing Snowflake query...
2025-08-19 14:46:50,063 - DEBUG - cursor
2025-08-19 14:46:50,063 - DEBUG - executing SQL/command
2025-08-19 14:46:50,063 - DEBUG - query: [WITH primary_metric AS ( SELECT VENDOR_NUMBER, VENDOR_NAME, CONCAT(VENDOR_NUMBER...]
2025-08-19 14:46:50,063 - DEBUG - binding: [WITH primary_metric AS ( SELECT VENDOR_NUMBER, VENDOR_NAME, CONCAT(VENDOR_NUMBER...] with input=[None], processed=[{}]
2025-08-19 14:46:50,063 - DEBUG - Cannot use arrow result format, fallback to json format
2025-08-19 14:46:50,063 - DEBUG - sequence counter: 1
2025-08-19 14:46:50,063 - DEBUG - Request id: 9b6d8244-ef74-48c5-afa0-7996a2f2a9d7
2025-08-19 14:46:50,063 - DEBUG - running query [WITH primary_metric AS ( SELECT VENDOR_NUMBER, VENDOR_NAME, CONCAT(VENDOR_NUMBER...]
2025-08-19 14:46:50,063 - DEBUG - is_file_transfer: False
2025-08-19 14:46:50,063 - DEBUG - Failed to set SIGINT handler. Not in main thread. Ignored...
2025-08-19 14:46:50,063 - DEBUG - _cmd_query
2025-08-19 14:46:50,063 - DEBUG - serialize_to_dict() called
2025-08-19 14:46:50,063 - DEBUG - sql=[WITH primary_metric AS ( SELECT VENDOR_NUMBER, VENDOR_NAME, CONCAT(VENDOR_NUMBER...], sequence_id=[1], is_file_transfer=[False]
2025-08-19 14:46:50,063 - DEBUG - Opentelemtry otel injection failed
Traceback (most recent call last):
  File "snowflake\connector\network.py", line 448, in request
ModuleNotFoundError: No module named 'opentelemetry'
2025-08-19 14:46:50,065 - DEBUG - remaining request timeout: N/A ms, retry cnt: 1
2025-08-19 14:46:50,065 - DEBUG - Request guid: 539731fd-72bf-44a8-bdae-75c003d0c9a2
2025-08-19 14:46:50,065 - DEBUG - socket timeout: 60
2025-08-19 14:46:58,455 - DEBUG - https://hdsupply-data.snowflakecomputing.com:443 "POST /queries/v1/query-request?requestId=9b6d8244-ef74-48c5-afa0-7996a2f2a9d7&request_guid=539731fd-72bf-44a8-bdae-75c003d0c9a2 HTTP/1.1" 200 None
2025-08-19 14:46:58,550 - DEBUG - SUCCESS
2025-08-19 14:46:58,550 - DEBUG - ret[code] = None, after post request
2025-08-19 14:46:58,559 - DEBUG - Query id: 01be7ac6-0006-55ba-0109-f202052e4e1f
2025-08-19 14:46:58,559 - DEBUG - deserialize_json_dict() called: data from server: {'entries': [{'id': 0, 'timestamp': 1755629222581416, 'priority': 0, 'context': 'COqtZQ=='}]}
2025-08-19 14:46:58,559 - DEBUG - deserialize {'id': 0, 'timestamp': 1755629222581416, 'priority': 0, 'context': 'COqtZQ=='}
2025-08-19 14:46:58,559 - DEBUG - sync_priority_map called priority_map size = 0, new_priority_map size = 1
2025-08-19 14:46:58,559 - DEBUG - trim_cache() called. treeSet size is 1 and cache capacity is 5
2025-08-19 14:46:58,559 - DEBUG - trim_cache() returns. treeSet size is 1 and cache capacity is 5
2025-08-19 14:46:58,559 - DEBUG - deserialize_json_dict() returns
2025-08-19 14:46:58,559 - DEBUG - Cache Entry: (0, 1755629222581416, 0)
2025-08-19 14:46:58,559 - DEBUG - Failed to reset SIGINT handler. Not in main thread. Ignored...
2025-08-19 14:46:58,559 - DEBUG - sfqid: 01be7ac6-0006-55ba-0109-f202052e4e1f
2025-08-19 14:46:58,559 - DEBUG - query execution done
2025-08-19 14:46:58,559 - DEBUG - SUCCESS
2025-08-19 14:46:58,559 - DEBUG - PUT OR GET: False
2025-08-19 14:46:58,559 - DEBUG - Query result format: json
2025-08-19 14:46:58,559 - DEBUG - chunk size=1
2025-08-19 14:46:58,561 - DEBUG - added chunk header: key=Accept-Encoding, value=gzip
2025-08-19 14:46:58,561 - DEBUG - parsing for result batch id: 354
2025-08-19 14:46:58,561 - DEBUG - Number of results in first chunk: 354
2025-08-19 14:46:58,561 - DEBUG - result batch 1 has id: data_0_0_1_1
2025-08-19 14:46:58,561 - DEBUG - beginning to schedule result batch downloads
2025-08-19 14:46:58,561 - DEBUG - queuing download of result batch id: data_0_0_1_1
2025-08-19 14:46:58,561 - DEBUG - started downloading result batch id: data_0_0_1_1
2025-08-19 14:46:58,561 - DEBUG - user requesting to consume result batch 1
2025-08-19 14:46:58,561 - DEBUG - Converted retries value: 1 -> Retry(total=1, connect=None, read=None, redirect=None, status=None)
2025-08-19 14:46:58,561 - DEBUG - downloading result batch id: data_0_0_1_1 with existing session <snowflake.connector.vendored.requests.sessions.Session object at 0x0000022C6BBB2F80>
2025-08-19 14:46:58,561 - DEBUG - Starting new HTTPS connection (1): gcpuscentral1-x1w9qcl-stage.storage.googleapis.com:443
2025-08-19 14:46:58,636 - DEBUG - OCSP Mode: DISABLE_OCSP_CHECKS, OCSP response cache file name: None
2025-08-19 14:46:58,636 - DEBUG - This connection does not perform OCSP checks. Revocation status of the certificate will not be checked against OCSP Responder.
2025-08-19 14:46:58,740 - DEBUG - https://gcpuscentral1-x1w9qcl-stage.storage.googleapis.com:443 "GET /results/01be7ac6-0006-55ba-0109-f202052e4e1f_0/main/data_0_0_1_1?X-Goog-Algorithm=GOOG4-RSA-SHA256&X-Goog-Credential=gcpuscentral1-x1w9qcl-stage%40us-central1-stage1-6e1d.iam.gserviceaccount.com%2F20250819%2Fauto%2Fstorage%2Fgoog4_request&X-Goog-Date=20250819T184702Z&X-Goog-Expires=21600&X-Goog-SignedHeaders=host%3Bx-goog-encryption-algorithm%3Bx-goog-encryption-key%3Bx-goog-encryption-key-sha256&X-Goog-Signature=**** HTTP/1.1" 200 None
2025-08-19 14:46:58,750 - DEBUG - successfully downloaded result batch id: data_0_0_1_1
2025-08-19 14:46:58,750 - DEBUG - started loading result batch id: data_0_0_1_1
2025-08-19 14:46:58,756 - DEBUG - Encoding detection: ascii is most likely the one.
2025-08-19 14:46:58,756 - DEBUG - finished loading result batch id: data_0_0_1_1
2025-08-19 14:46:58,756 - DEBUG - parsing for result batch id: data_0_0_1_1
2025-08-19 14:46:58,756 - DEBUG - user began consuming result batch 1
2025-08-19 14:46:58,756 - DEBUG - user finished consuming result batch 1
2025-08-19 14:46:58,756 - INFO - Query executed successfully. Retrieved 2060 rows.
2025-08-19 14:46:58,756 - INFO - Executing ASN Data query...
2025-08-19 14:46:58,756 - INFO - Executing Snowflake query...
2025-08-19 14:46:58,756 - DEBUG - cursor
2025-08-19 14:46:58,756 - DEBUG - executing SQL/command
2025-08-19 14:46:58,756 - DEBUG - query: [SELECT CASE WHEN IH.VBELN LIKE '06%' AND IH.ERNAM IN ('BPAREMOTE', 'SCEBATCH', '...]
2025-08-19 14:46:58,756 - DEBUG - binding: [SELECT CASE WHEN IH.VBELN LIKE '06%' AND IH.ERNAM IN ('BPAREMOTE', 'SCEBATCH', '...] with input=[None], processed=[{}]
2025-08-19 14:46:58,756 - DEBUG - Cannot use arrow result format, fallback to json format
2025-08-19 14:46:58,756 - DEBUG - sequence counter: 2
2025-08-19 14:46:58,756 - DEBUG - Request id: 561fd26f-52f9-4d4f-b67e-bc6f547e3345
2025-08-19 14:46:58,756 - DEBUG - running query [SELECT CASE WHEN IH.VBELN LIKE '06%' AND IH.ERNAM IN ('BPAREMOTE', 'SCEBATCH', '...]
2025-08-19 14:46:58,756 - DEBUG - is_file_transfer: False
2025-08-19 14:46:58,756 - DEBUG - Failed to set SIGINT handler. Not in main thread. Ignored...
2025-08-19 14:46:58,756 - DEBUG - _cmd_query
2025-08-19 14:46:58,756 - DEBUG - serialize_to_dict() called
2025-08-19 14:46:58,756 - DEBUG - Cache Entry: (0, 1755629222581416, 0)
2025-08-19 14:46:58,756 - DEBUG - serialize_to_dict(): data to send to server {'entries': [{'id': 0, 'timestamp': 1755629222581416, 'priority': 0, 'context': {'base64Data': 'COqtZQ=='}}]}
2025-08-19 14:46:58,756 - DEBUG - sql=[SELECT CASE WHEN IH.VBELN LIKE '06%' AND IH.ERNAM IN ('BPAREMOTE', 'SCEBATCH', '...], sequence_id=[2], is_file_transfer=[False]
2025-08-19 14:46:58,756 - DEBUG - Opentelemtry otel injection failed
Traceback (most recent call last):
  File "snowflake\connector\network.py", line 448, in request
ModuleNotFoundError: No module named 'opentelemetry'
2025-08-19 14:46:58,756 - DEBUG - remaining request timeout: N/A ms, retry cnt: 1
2025-08-19 14:46:58,756 - DEBUG - Request guid: 5216360a-36bc-44a3-9ee5-305a2be7e7e7
2025-08-19 14:46:58,756 - DEBUG - socket timeout: 60
2025-08-19 14:47:03,794 - DEBUG - https://hdsupply-data.snowflakecomputing.com:443 "POST /queries/v1/query-request?requestId=561fd26f-52f9-4d4f-b67e-bc6f547e3345&request_guid=5216360a-36bc-44a3-9ee5-305a2be7e7e7 HTTP/1.1" 200 None
2025-08-19 14:47:03,794 - DEBUG - SUCCESS
2025-08-19 14:47:03,794 - DEBUG - ret[code] = None, after post request
2025-08-19 14:47:03,794 - DEBUG - Query id: 01be7ac7-0006-55be-0109-f202052e837f
2025-08-19 14:47:03,794 - DEBUG - deserialize_json_dict() called: data from server: {'entries': [{'id': 0, 'timestamp': 1755629227850658, 'priority': 0, 'context': 'CPqtZQ=='}]}
2025-08-19 14:47:03,794 - DEBUG - Cache Entry: (0, 1755629222581416, 0)
2025-08-19 14:47:03,794 - DEBUG - deserialize {'id': 0, 'timestamp': 1755629227850658, 'priority': 0, 'context': 'CPqtZQ=='}
2025-08-19 14:47:03,794 - DEBUG - sync_priority_map called priority_map size = 0, new_priority_map size = 1
2025-08-19 14:47:03,794 - DEBUG - trim_cache() called. treeSet size is 1 and cache capacity is 5
2025-08-19 14:47:03,794 - DEBUG - trim_cache() returns. treeSet size is 1 and cache capacity is 5
2025-08-19 14:47:03,794 - DEBUG - deserialize_json_dict() returns
2025-08-19 14:47:03,794 - DEBUG - Cache Entry: (0, 1755629227850658, 0)
2025-08-19 14:47:03,794 - DEBUG - Failed to reset SIGINT handler. Not in main thread. Ignored...
2025-08-19 14:47:03,794 - DEBUG - sfqid: 01be7ac7-0006-55be-0109-f202052e837f
2025-08-19 14:47:03,794 - DEBUG - query execution done
2025-08-19 14:47:03,794 - DEBUG - SUCCESS
2025-08-19 14:47:03,794 - DEBUG - PUT OR GET: False
2025-08-19 14:47:03,794 - DEBUG - Query result format: json
2025-08-19 14:47:03,794 - DEBUG - parsing for result batch id: 0
2025-08-19 14:47:03,794 - DEBUG - Number of results in first chunk: 0
2025-08-19 14:47:03,794 - DEBUG - beginning to schedule result batch downloads
2025-08-19 14:47:03,794 - INFO - Query executed successfully. Retrieved 0 rows.
2025-08-19 14:47:03,794 - INFO - Using user-specified template: C:/Users/1015723/OneDrive - HD Supply, Inc/Documents/Cole - Multi-Query information and template/Simplified Macro Template - SPP Monthly Details.xlsm
2025-08-19 14:47:03,794 - INFO - Using user-specified template: C:/Users/1015723/OneDrive - HD Supply, Inc/Documents/Cole - Multi-Query information and template/Simplified Macro Template - SPP Monthly Details.xlsm
2025-08-19 14:47:03,794 - INFO - Using user-specified template: C:/Users/1015723/OneDrive - HD Supply, Inc/Documents/Cole - Multi-Query information and template/Simplified Macro Template - SPP Monthly Details.xlsm
2025-08-19 14:47:03,806 - INFO - Template copied from C:/Users/1015723/OneDrive - HD Supply, Inc/Documents/Cole - Multi-Query information and template/Simplified Macro Template - SPP Monthly Details.xlsm to Output\200000 - 3M CORPORATION                           - JUN 2025.xlsm
2025-08-19 14:47:09,926 - INFO - Populated Tab1_Basic_Metrics with 2060 rows
2025-08-19 14:47:11,416 - INFO - Template populated successfully: Output\200000 - 3M CORPORATION                           - JUN 2025.xlsm
2025-08-19 14:47:11,416 - INFO - === Automation Complete ===
2025-08-19 14:47:11,416 - INFO - Output file: Output\200000 - 3M CORPORATION                           - JUN 2025.xlsm
2025-08-19 14:47:11,416 - DEBUG - closed
2025-08-19 14:47:11,416 - DEBUG - Closing telemetry client.
2025-08-19 14:47:11,416 - DEBUG - Sending 1 logs to telemetry. Data is {'logs': [{'message': {'driver_type': 'PythonConnector', 'driver_version': '3.17.1', 'source': 'PythonConnector', 'type': 'client_imported_packages', 'value': "{'genericpath', 'quopri', 'socket', 'reprlib', 'dateutil', 'setuptools', 'decimal', 'operator', 'gc', 'concurrent', 'os', 'six', 'tomlkit', 'cryptography', 'math', 'cmath', 'atexit', 'random', 'pprint', 'threading', 'openpyxl', 'copy', 'winreg', 'stat', 'sre_compile', 'time', 'locale', 'nturl2path', 'queue', 'typing_extensions', 'pkg_resources', 'copyreg', 'binascii', 'collections', 'importlib', 'hmac', 'tempfile', 'calendar', 'base64', 're', 'pyimod03_ctypes', 'platformdirs', 'abc', 'asn1crypto', 'keyword', 'glob', 'ntpath', 'nt', 'zlib', 'ipaddress', 'msvcrt', 'lzma', 'gettext', 'pyexpat', 'numbers', 'bisect', 'weakref', 'pkgutil', 'certifi', 'uu', 'multiprocessing', 'shlex', 'argparse', 'pyimod01_archive', 'functools', 'gzip', 'heapq', 'jmespath', 'array', 'pytz', 'unicodedata', 'textwrap', 'codecs', 'sys', 'snowflake', 'typing', 'numpy', 'io', 'contextvars', 'zipfile', 'subprocess', 'secrets', 'unittest', 'cython_runtime', 'xml', 'getpass', 'spp_automation_enhanced', 'mimetypes', 'contextlib', 'runpy', 'fnmatch', 'inspect', 'pickle', 'et_xmlfile', 'warnings', 'configparser', 'opcode', 'select', 'sortedcontainers', 'ast', 'token', 'jwt', 'urllib', 'itertools', 'bz2', 'webbrowser', 'PIL', 'tarfile', 'logging', 'charset_normalizer', 'fractions', 'distutils', 'selectors', 'platform', 'stringprep', 'difflib', 'plistlib', 'shutil', 'html', 'tkinter', 'pandas', 'ctypes', 'uuid', 'urllib3', 'hashlib', 'dis', 'string', 'pyimod04_pywin32', 'ssl', 'sre_constants', 'mmap', 'encodings', 'traceback', 'tokenize', 'pathlib', 'sre_parse', 'getopt', 'asyncio', 'netrc', 'signal', 'linecache', 'struct', 'marshal', 'OpenSSL', 'boto3', 'zipimport', 'email', 'json', 'enum', 'http', 'builtins', 'posixpath', 'dataclasses', 'idna', 'sysconfig', 'packaging', 'pyimod02_importers', 'errno', 'datetime', 'csv', 'types', 'botocore'}"}, 'timestamp': '1755629210063'}, {'message': {'driver_type': 'PythonConnector', 'driver_version': '3.17.1', 'source': 'PythonConnector', 'type': 'client_time_consume_first_result', 'query_id': '01be7ac6-0006-55ba-0109-f202052e4e1f', 'value': -4059}, 'timestamp': '1755629218559'}, {'message': {'driver_type': 'PythonConnector', 'driver_version': '3.17.1', 'source': 'PythonConnector', 'type': 'client_time_consume_last_result', 'query_id': '01be7ac6-0006-55ba-0109-f202052e4e1f', 'value': 197}, 'timestamp': '1755629218756'}, {'message': {'driver_type': 'PythonConnector', 'driver_version': '3.17.1', 'source': 'PythonConnector', 'type': 'client_time_downloading_chunks', 'query_id': '01be7ac6-0006-55ba-0109-f202052e4e1f', 'value': 189}, 'timestamp': '1755629218756'}, {'message': {'driver_type': 'PythonConnector', 'driver_version': '3.17.1', 'source': 'PythonConnector', 'type': 'client_time_parsing_chunks', 'query_id': '01be7ac6-0006-55ba-0109-f202052e4e1f', 'value': 0}, 'timestamp': '1755629218756'}, {'message': {'driver_type': 'PythonConnector', 'driver_version': '3.17.1', 'source': 'PythonConnector', 'type': 'client_time_consume_first_result', 'query_id': '01be7ac7-0006-55be-0109-f202052e837f', 'value': -4065}, 'timestamp': '1755629223794'}, {'message': {'driver_type': 'PythonConnector', 'driver_version': '3.17.1', 'source': 'PythonConnector', 'type': 'client_time_consume_last_result', 'query_id': '01be7ac7-0006-55be-0109-f202052e837f', 'value': 0}, 'timestamp': '1755629223794'}]}.
2025-08-19 14:47:11,416 - DEBUG - Opentelemtry otel injection failed
Traceback (most recent call last):
  File "snowflake\connector\network.py", line 448, in request
ModuleNotFoundError: No module named 'opentelemetry'
2025-08-19 14:47:11,418 - DEBUG - remaining request timeout: 5000 ms, retry cnt: 1
2025-08-19 14:47:11,418 - DEBUG - Request guid: b4068cc0-ae81-49fd-b534-d8eefe6d83fc
2025-08-19 14:47:11,418 - DEBUG - socket timeout: 60
2025-08-19 14:47:11,499 - DEBUG - https://hdsupply-data.snowflakecomputing.com:443 "POST /telemetry/send?request_guid=b4068cc0-ae81-49fd-b534-d8eefe6d83fc HTTP/1.1" 200 None
2025-08-19 14:47:11,500 - DEBUG - SUCCESS
2025-08-19 14:47:11,500 - DEBUG - ret[code] = None, after post request
2025-08-19 14:47:11,500 - DEBUG - Successfully uploading metrics to telemetry.
2025-08-19 14:47:11,500 - DEBUG - No async queries seem to be running, deleting session
2025-08-19 14:47:11,500 - DEBUG - remaining request timeout: 5000 ms, retry cnt: 1
2025-08-19 14:47:11,500 - DEBUG - Request guid: cacac0a2-0a1e-4f06-8553-ea70027f8e95
2025-08-19 14:47:11,500 - DEBUG - socket timeout: 60
2025-08-19 14:47:11,584 - DEBUG - https://hdsupply-data.snowflakecomputing.com:443 "POST /session?delete=true&request_guid=cacac0a2-0a1e-4f06-8553-ea70027f8e95 HTTP/1.1" 200 None
2025-08-19 14:47:11,584 - DEBUG - SUCCESS
2025-08-19 14:47:11,584 - DEBUG - ret[code] = None, after post request
2025-08-19 14:47:11,584 - DEBUG - clear_cache() called
2025-08-19 14:47:11,584 - DEBUG - Session is closed
2025-08-19 14:47:11,584 - INFO - Snowflake connection closed
2025-08-19 14:47:11,593 - INFO - === Automation Completed Successfully ===
2025-08-19 14:47:11,593 - INFO - Output file: Output\200000 - 3M CORPORATION                           - JUN 2025.xlsm
2025-08-19 14:48:33,940 - INFO - Application closing
